2021-05-01 20:35:16,281 INFO     test_ai_mod.carbon_controllers.crawls -- Logging crawl output to /Users/bot/test_ai/apps/8e3f7530-76ee-45b7-9ff2-cf4a8c01c1c1/builds/7b802321-75bf-4bfe-8464-13cd344a222c/logs/crawl-20210502033516.log
2021-05-01 20:35:16,283 INFO     test_ai_mod.carbon_tasks.crawl_build_task -- crawling build, app_id: 8e3f7530-76ee-45b7-9ff2-cf4a8c01c1c1, build_id: 7b802321-75bf-4bfe-8464-13cd344a222c
2021-05-01 20:35:16,283 INFO     test_ai_mod.carbon_tasks.crawl_build_task -- num_steps (when no test): 25
2021-05-01 20:35:16,285 INFO     test_ai_mod.carbon_tasks.crawl_build_task -- max_steps: 150
2021-05-01 20:35:16,285 INFO     test_ai_mod.carbon_tasks.crawl_build_task -- max_iterations: 1
2021-05-01 20:35:16,285 INFO     test_ai_mod.carbon_tasks.crawl_build_task -- rand_seed: 1619926430
2021-05-01 20:35:16,285 INFO     test_ai_mod.carbon_tasks.crawl_build_task -- test_wildcard: *
2021-05-01 20:35:16,286 INFO     test_ai_mod.carbon_tasks.crawl_build_task -- package: com.equinox.android
2021-05-01 20:35:16,286 INFO     test_ai_mod.carbon_tasks.crawl_build_task -- eyes_api_key: None
2021-05-01 20:35:16,286 INFO     test_ai_mod.carbon_tasks.crawl_build_task -- is_noop: False
2021-05-01 20:35:16,287 INFO     test_ai_mod.carbon_tasks.crawl_build_task -- created crawl, id: 20210501203516
2021-05-01 20:35:16,288 INFO     test_ai_mod.carbon_dao.local_carbon_dao -- Getting build info: APP_ID: 8e3f7530-76ee-45b7-9ff2-cf4a8c01c1c1, BUILD_ID: 7b802321-75bf-4bfe-8464-13cd344a222c
2021-05-01 20:35:16,288 INFO     test_ai_mod.carbon_dao.local_carbon_dao -- Getting build info: APP_ID: 8e3f7530-76ee-45b7-9ff2-cf4a8c01c1c1, BUILD_ID: 7b802321-75bf-4bfe-8464-13cd344a222c
2021-05-01 20:35:16,367 INFO     werkzeug -- 127.0.0.1 - - [01/May/2021 20:35:16] "[37mGET /api/v1/config/widgets HTTP/1.1[0m" 200 -
2021-05-01 20:35:16,372 INFO     werkzeug -- 127.0.0.1 - - [01/May/2021 20:35:16] "[37mGET /favicon.ico HTTP/1.1[0m" 200 -
2021-05-01 20:35:16,378 INFO     test_ai_mod.carbon_dao.local_carbon_dao -- Getting build info: APP_ID: 8e3f7530-76ee-45b7-9ff2-cf4a8c01c1c1, BUILD_ID: 7b802321-75bf-4bfe-8464-13cd344a222c
2021-05-01 20:35:16,378 INFO     werkzeug -- 127.0.0.1 - - [01/May/2021 20:35:16] "[37mGET /api/v2/status HTTP/1.1[0m" 200 -
2021-05-01 20:35:16,380 INFO     werkzeug -- 127.0.0.1 - - [01/May/2021 20:35:16] "[37mGET /api/v1/c/testai/apps/android/8e3f7530-76ee-45b7-9ff2-cf4a8c01c1c1/tests HTTP/1.1[0m" 200 -
2021-05-01 20:35:16,526 INFO     test_ai_mod.carbon_explore.explore -- using default extra walk count: 0
2021-05-01 20:35:16,531 INFO     test_ai_mod.carbon_tasks.crawl_build_task -- initiating walk [1/1]
2021-05-01 20:35:16,531 INFO     test_ai_mod.carbon_test_case.carbon_tests -- initial number of steps for walk: 25
2021-05-01 20:35:16,531 INFO     test_ai_mod.carbon_tasks.crawl_build_task -- effective_max_steps this walk: 26
2021-05-01 20:35:16,531 INFO     test_ai_mod.carbon_explore.explore -- **************************************************
2021-05-01 20:35:16,532 INFO     test_ai_mod.carbon_explore.explore -- **************************************************
2021-05-01 20:35:16,532 INFO     test_ai_mod.carbon_explore.explore -- *                                                *
2021-05-01 20:35:16,532 INFO     test_ai_mod.carbon_explore.explore -- *                   BRAIN                    *
2021-05-01 20:35:16,532 INFO     test_ai_mod.carbon_explore.explore -- *                                                *
2021-05-01 20:35:16,532 INFO     test_ai_mod.carbon_explore.explore -- **************************************************
2021-05-01 20:35:16,532 INFO     test_ai_mod.carbon_explore.explore -- **************************************************
2021-05-01 20:35:16,532 INFO     test_ai_mod.carbon_initialization.initialization -- Random seed: 1619926430
2021-05-01 20:35:16,534 INFO     test_ai_mod.carbon_initialization.initialization -- ````````````````````````````````````````````````````````````````````````````````
2021-05-01 20:35:16,534 INFO     test_ai_mod.carbon_initialization.initialization --                   PACKAGE: com.equinox.android
2021-05-01 20:35:16,534 INFO     test_ai_mod.carbon_initialization.initialization -- ````````````````````````````````````````````````````````````````````````````````
2021-05-01 20:35:16,534 INFO     test_ai_mod.carbon_initialization.initialization -- platform: ANDROID
2021-05-01 20:35:16,534 INFO     test_ai_mod.carbon_initialization.initialization -- using crawl_directory: /Users/bot/test_ai/apps/8e3f7530-76ee-45b7-9ff2-cf4a8c01c1c1/builds/7b802321-75bf-4bfe-8464-13cd344a222c/crawls/20210501203516
2021-05-01 20:35:16,535 INFO     test_ai_mod.carbon_botio.bot_io -- retrieving bot IO for app: 8e3f7530-76ee-45b7-9ff2-cf4a8c01c1c1
2021-05-01 20:35:16,535 INFO     test_ai_mod.carbon_botio.bot_io -- ^^^^^^^^^^^^^^^^^^^^^^^^^^^^^^^^^^^^^^^^^^^^^^^^^^^^^^^^^^^^^^^^^^^^^^^^^^^^^^^^
2021-05-01 20:35:16,535 INFO     test_ai_mod.carbon_botio.bot_io -- botio_filepath: /Users/bot/test_ai/apps/8e3f7530-76ee-45b7-9ff2-cf4a8c01c1c1/lkg/botio.json
2021-05-01 20:35:16,535 INFO     test_ai_mod.carbon_botio.bot_io -- use_snapshot: False
2021-05-01 20:35:16,535 INFO     test_ai_mod.carbon_botio.bot_io -- no botIO found for app: 8e3f7530-76ee-45b7-9ff2-cf4a8c01c1c1
2021-05-01 20:35:16,536 INFO     test_ai_mod.carbon_utils.carbon_data -- loading models from LKG dir
2021-05-01 20:35:16,536 INFO     test_ai_mod.carbon_utils.carbon_data -- loading models from LKG dir
2021-05-01 20:35:16,537 INFO     test_ai_mod.carbon_explore.test_hooks -- Test case is None, no need for on_setup.
2021-05-01 20:35:16,537 INFO     test_ai_mod.carbon_utils.simulator_tools -- preparing clean iteration state...
2021-05-01 20:35:16,538 INFO     test_ai_mod.carbon_automation.automator -- Creating Automator Singleton
2021-05-01 20:35:16,538 INFO     test_ai_mod.carbon_automation.automator -- Using automator over http as execution platform
2021-05-01 20:35:19,450 INFO     test_ai_mod.carbon_automation.driver -- Screen density: 1.0
2021-05-01 20:35:19,450 INFO     test_ai_mod.carbon_utils.simulator_tools -- Attempting uninstall on app: com.equinox.android
2021-05-01 20:35:19,720 INFO     test_ai_mod.carbon_utils.simulator_tools -- Installing app: http://localhost:5000/api/v2/apps/8e3f7530-76ee-45b7-9ff2-cf4a8c01c1c1/builds/7b802321-75bf-4bfe-8464-13cd344a222c/download?ext=.apk
2021-05-01 20:35:19,901 INFO     werkzeug -- 127.0.0.1 - - [01/May/2021 20:35:19] "[37mGET /api/v2/apps/8e3f7530-76ee-45b7-9ff2-cf4a8c01c1c1/builds/7b802321-75bf-4bfe-8464-13cd344a222c/download?ext=.apk HTTP/1.1[0m" 200 -
2021-05-01 20:35:25,529 INFO     werkzeug -- 127.0.0.1 - - [01/May/2021 20:35:25] "[37mGET /api/v2/status HTTP/1.1[0m" 200 -
2021-05-01 20:35:27,692 INFO     test_ai_mod.carbon_utils.simulator_tools -- Launching app: com.equinox.android
2021-05-01 20:35:30,578 INFO     test_ai_mod.carbon_initialization.initialization -- starting dom stability
2021-05-01 20:35:30,655 INFO     test_ai_mod.carbon_actions.carbon_actions -- Got new page source
2021-05-01 20:35:30,823 INFO     test_ai_mod.carbon_actions.carbon_actions -- Got new page source
2021-05-01 20:35:30,995 INFO     test_ai_mod.carbon_actions.carbon_actions -- Got new page source
2021-05-01 20:35:31,152 INFO     test_ai_mod.carbon_actions.carbon_actions -- Got new page source
2021-05-01 20:35:31,319 INFO     test_ai_mod.carbon_actions.carbon_actions -- Got new page source
2021-05-01 20:35:31,320 INFO     test_ai_mod.carbon_actions.carbon_actions -- Seen the same screen the max amount (5)
2021-05-01 20:35:31,320 INFO     test_ai_mod.carbon_actions.carbon_actions -- incrementing source count to: 1
2021-05-01 20:35:31,320 INFO     test_ai_mod.carbon_explore.explore_utils -- saving screenshot
2021-05-01 20:35:32,088 INFO     test_ai_mod.carbon_explore.explore_utils -- scn_shot_file_path: /Users/bot/test_ai/apps/8e3f7530-76ee-45b7-9ff2-cf4a8c01c1c1/builds/7b802321-75bf-4bfe-8464-13cd344a222c/crawls/20210501203516/tmp/runtime_labeling_screen.png
2021-05-01 20:35:34,209 INFO     test_ai_mod.carbon_initialization.initialization -- current package sent in as: com.equinox.android
2021-05-01 20:35:34,209 INFO     test_ai_mod.carbon_initialization.initialization -- ended dom stability
2021-05-01 20:35:34,212 INFO     test_ai_mod.carbon_explore.explore -- package is set to: com.equinox.android
2021-05-01 20:35:34,212 INFO     test_ai_mod.carbon_explore.explore -- ********************************************************************************
2021-05-01 20:35:34,212 INFO     test_ai_mod.carbon_explore.explore -- * TIMEOUT: None
2021-05-01 20:35:34,212 INFO     test_ai_mod.carbon_explore.explore -- * disable_bounceback: False
2021-05-01 20:35:34,212 INFO     test_ai_mod.carbon_explore.explore -- ********************************************************************************
2021-05-01 20:35:34,212 INFO     test_ai_mod.carbon_explore.explore -- getting walk queue
2021-05-01 20:35:34,213 INFO     test_ai_mod.carbon_explore.explore_utils -- getting xml_src
2021-05-01 20:35:34,268 INFO     test_ai_mod.carbon_explore.explore_utils -- getting screen_elems
2021-05-01 20:35:34,272 INFO     test_ai_mod.carbon_explore.explore_utils -- filtering elems - 24
2021-05-01 20:35:34,272 INFO     test_ai_mod.carbon_explore.explore_utils -- saving info - 24
2021-05-01 20:35:34,272 INFO     test_ai_mod.carbon_explore.explore_utils -- saving core elems iter: 0, step 0, save_dir: /Users/bot/test_ai/apps/8e3f7530-76ee-45b7-9ff2-cf4a8c01c1c1/builds/7b802321-75bf-4bfe-8464-13cd344a222c/crawls/20210501203516
2021-05-01 20:35:34,276 INFO     test_ai_mod.carbon_explore.explore -- got all screen info saved
2021-05-01 20:35:34,276 INFO     test_ai_mod.carbon_explore.explore_utils -- saving core elems iter: 0, step 0, save_dir: /Users/bot/test_ai/apps/8e3f7530-76ee-45b7-9ff2-cf4a8c01c1c1/builds/7b802321-75bf-4bfe-8464-13cd344a222c/crawls/20210501203516
2021-05-01 20:35:34,281 INFO     test_ai_mod.carbon_explore.result_storage -- LOG FILE PATH: /Users/bot/test_ai/apps/8e3f7530-76ee-45b7-9ff2-cf4a8c01c1c1/builds/7b802321-75bf-4bfe-8464-13cd344a222c/crawls/20210501203516/iter_00000_step_00000_logs.txt
2021-05-01 20:35:34,281 INFO     test_ai_mod.carbon_explore.result_storage -- ALL LOGS FILE PATH: /Users/bot/test_ai/apps/8e3f7530-76ee-45b7-9ff2-cf4a8c01c1c1/builds/7b802321-75bf-4bfe-8464-13cd344a222c/crawls/20210501203516/iter_00000_step_-0001_logs.txt
2021-05-01 20:35:34,336 INFO     test_ai_mod.carbon_explore.interactive -- Interactive explore -- start_interactive_loop starting.
2021-05-01 20:35:34,347 INFO     test_ai_mod.carbon_explore.interactive -- Interactive explore -- running initial auto label
2021-05-01 20:35:34,347 INFO     test_ai_mod.carbon_tasks.process_crawl_task -- processing crawl: 20210501203516 (app: 8e3f7530-76ee-45b7-9ff2-cf4a8c01c1c1, build: 7b802321-75bf-4bfe-8464-13cd344a222c)
2021-05-01 20:35:34,348 INFO     test_ai_mod.carbon_tasks.process_crawl_task -- processing screens for crawl
2021-05-01 20:35:34,417 INFO     test_ai_mod.carbon_tasks.process_crawl_task -- writing unique screens file
2021-05-01 20:35:34,418 INFO     test_ai_mod.carbon_tasks.process_crawl_task -- writing screen hash map
2021-05-01 20:35:34,419 INFO     test_ai_mod.carbon_tasks.process_crawl_task -- writing screen similarity file
2021-05-01 20:35:34,419 INFO     test_ai_mod.carbon_tasks.process_crawl_task -- processing elements for crawl
2021-05-01 20:35:34,420 INFO     test_ai_mod.carbon_tasks.process_crawl_task -- processing: iter_00000_step_00000_info.json
2021-05-01 20:35:34,984 INFO     test_ai_mod.carbon_tasks.process_crawl_task -- Writing unique tags file.
2021-05-01 20:35:34,985 INFO     test_ai_mod.carbon_tasks.process_crawl_task -- writing unique elems file
2021-05-01 20:35:34,985 INFO     test_ai_mod.carbon_tasks.process_crawl_task -- writing elem hash map
2021-05-01 20:35:34,989 INFO     test_ai_mod.carbon_tasks.process_crawl_task -- writing elem similarity file
2021-05-01 20:35:34,990 INFO     test_ai_mod.carbon_tasks.process_crawl_task -- generating labeler objects file for crawl (v0)
2021-05-01 20:35:34,992 INFO     test_ai_mod.carbon_tasks.process_crawl_task -- reconciling screens labeled at runtime
2021-05-01 20:35:34,993 INFO     test_ai_mod.carbon_tasks.process_crawl_task -- reconciling elements labeled at runtime
2021-05-01 20:35:34,995 INFO     test_ai_mod.carbon_tasks.generate_auto_labels_task -- generating auto labels for crawl: 20210501203516, app_id: 8e3f7530-76ee-45b7-9ff2-cf4a8c01c1c1, build_id: 7b802321-75bf-4bfe-8464-13cd344a222c
2021-05-01 20:35:34,996 INFO     test_ai_mod.carbon_dao.local_carbon_dao -- Getting build info: APP_ID: 8e3f7530-76ee-45b7-9ff2-cf4a8c01c1c1, BUILD_ID: 7b802321-75bf-4bfe-8464-13cd344a222c
2021-05-01 20:35:34,998 INFO     test_ai_mod.carbon_dao.local_carbon_dao -- Getting build info: APP_ID: 8e3f7530-76ee-45b7-9ff2-cf4a8c01c1c1, BUILD_ID: 7b802321-75bf-4bfe-8464-13cd344a222c
2021-05-01 20:35:34,999 INFO     test_ai_mod.carbon_dao.local_carbon_dao -- Getting build info: APP_ID: 8e3f7530-76ee-45b7-9ff2-cf4a8c01c1c1, BUILD_ID: 7b802321-75bf-4bfe-8464-13cd344a222c
2021-05-01 20:35:35,000 INFO     test_ai_mod.carbon_dao.local_carbon_dao -- Getting build info: APP_ID: 8e3f7530-76ee-45b7-9ff2-cf4a8c01c1c1, BUILD_ID: 7b802321-75bf-4bfe-8464-13cd344a222c
2021-05-01 20:35:35,002 INFO     test_ai_mod.carbon_dao.local_carbon_dao -- Getting build info: APP_ID: 8e3f7530-76ee-45b7-9ff2-cf4a8c01c1c1, BUILD_ID: 7b802321-75bf-4bfe-8464-13cd344a222c
2021-05-01 20:35:35,003 INFO     test_ai_mod.carbon_dao.local_carbon_dao -- Getting build info: APP_ID: 8e3f7530-76ee-45b7-9ff2-cf4a8c01c1c1, BUILD_ID: 7b802321-75bf-4bfe-8464-13cd344a222c
2021-05-01 20:35:35,041 INFO     test_ai_mod.carbon_tasks.generate_auto_labels_task -- writing merged, suggested labels to file: /Users/bot/test_ai/apps/8e3f7530-76ee-45b7-9ff2-cf4a8c01c1c1/builds/7b802321-75bf-4bfe-8464-13cd344a222c/crawls/20210501203300/labels/suggested_labels.json
2021-05-01 20:35:35,056 INFO     test_ai_mod.carbon_tasks.generate_auto_labels_task -- writing merged, suggested labels to file: /Users/bot/test_ai/apps/8e3f7530-76ee-45b7-9ff2-cf4a8c01c1c1/builds/7b802321-75bf-4bfe-8464-13cd344a222c/crawls/20210501151446/labels/suggested_labels.json
2021-05-01 20:35:35,063 INFO     test_ai_mod.carbon_tasks.generate_auto_labels_task -- writing merged, suggested labels to file: /Users/bot/test_ai/apps/8e3f7530-76ee-45b7-9ff2-cf4a8c01c1c1/builds/7b802321-75bf-4bfe-8464-13cd344a222c/crawls/20210501151920/labels/suggested_labels.json
2021-05-01 20:35:35,064 INFO     test_ai_mod.carbon_tasks.generate_auto_labels_task -- writing merged, suggested labels to file: /Users/bot/test_ai/apps/8e3f7530-76ee-45b7-9ff2-cf4a8c01c1c1/builds/7b802321-75bf-4bfe-8464-13cd344a222c/crawls/20210501203516/labels/suggested_labels.json
2021-05-01 20:35:35,089 INFO     test_ai_mod.carbon_tasks.generate_auto_labels_task -- writing merged, suggested labels to file: /Users/bot/test_ai/apps/8e3f7530-76ee-45b7-9ff2-cf4a8c01c1c1/builds/7b802321-75bf-4bfe-8464-13cd344a222c/crawls/20210501180948/labels/suggested_labels.json
2021-05-01 20:35:35,098 INFO     test_ai_mod.carbon_tasks.generate_auto_labels_task -- writing applied hashes to labels to file: /Users/bot/test_ai/apps/8e3f7530-76ee-45b7-9ff2-cf4a8c01c1c1/lkg/hashes_to_labels.json
2021-05-01 20:35:35,099 INFO     test_ai_mod.carbon_tasks.generate_auto_labels_task -- writing applied human readable to labels to file: /Users/bot/test_ai/apps/8e3f7530-76ee-45b7-9ff2-cf4a8c01c1c1/lkg/human_readable_to_labels.json
2021-05-01 20:35:35,101 INFO     test_ai_mod.carbon_tasks.generate_auto_labels_task -- writing label to hash dicts to file: /Users/bot/test_ai/apps/8e3f7530-76ee-45b7-9ff2-cf4a8c01c1c1/lkg/label_to_hash_dicts.json
2021-05-01 20:35:35,101 INFO     test_ai_mod.carbon_tasks.generate_auto_labels_task -- writing human readable to paths to file: /Users/bot/test_ai/apps/8e3f7530-76ee-45b7-9ff2-cf4a8c01c1c1/lkg/human_readable_to_paths.json
2021-05-01 20:35:35,103 INFO     test_ai_mod.carbon_classifiers.label_classifier_pipe -- Begin loading configured modules
2021-05-01 20:35:35,103 INFO     test_ai_mod.carbon_classifiers.carbon_classifier_v1.screen_classifier -- Loading ScreenClassifier
2021-05-01 20:35:35,104 INFO     test_ai_mod.carbon_classifiers.template_matching.app_specific_template_matcher -- Loading AppSpecificTemplateMatcher
2021-05-01 20:35:35,104 INFO     test_ai_mod.carbon_classifiers.perceptual.nn_classifier -- Loading NNClassifier
2021-05-01 20:35:35,104 INFO     test_ai_mod.carbon_classifiers.template_matching.template_matching_classifier -- Loading TemplateMatchingClassifier
2021-05-01 20:35:35,104 WARNING  test_ai_mod.carbon_classifiers.template_matching.template_matching_classifier -- No template director exists at /Users/bot/test_ai/templates
2021-05-01 20:35:35,104 INFO     test_ai_mod.carbon_classifiers.general_classifier_v1.general_classifier -- Initializing general classifiers
2021-05-01 20:35:35,105 INFO     test_ai_mod.carbon_classifiers.general_classifier_v1.general_classifier -- loading classifier data: SCREENS, from path: /Applications/Test.ai.app/Contents/MacOS/SCREENS.unenc
2021-05-01 20:35:35,868 INFO     test_ai_mod.carbon_classifiers.general_classifier_v1.general_classifier -- Loaded SCREENS classifiers, 0.763561010361
2021-05-01 20:35:35,868 INFO     test_ai_mod.carbon_classifiers.general_classifier_v1.general_classifier -- loading classifier data: ELEM_IMAGES, from path: /Applications/Test.ai.app/Contents/MacOS/ELEM_IMAGES.unenc
2021-05-01 20:35:36,136 INFO     test_ai_mod.carbon_classifiers.general_classifier_v1.general_classifier -- Loaded ELEM_IMAGES classifiers, 0.268410921097
2021-05-01 20:35:36,137 INFO     test_ai_mod.carbon_classifiers.general_classifier_v1.general_classifier -- loading classifier data: IMAGENET, from path: /Applications/Test.ai.app/Contents/MacOS/IMAGENET.unenc
2021-05-01 20:35:36,568 INFO     test_ai_mod.carbon_classifiers.general_classifier_v1.general_classifier -- Loaded IMAGENET classifiers, 0.431286096573
2021-05-01 20:35:38,037 INFO     test_ai_mod.carbon_classifiers.general_classifier_v1.general_classifier -- Finished general classification load attempt: 0.431286096573
2021-05-01 20:35:38,069 INFO     test_ai_mod.carbon_classifiers.http_classifier.http_classifier -- Loaded Http Classifier for ""
2021-05-01 20:35:38,069 INFO     test_ai_mod.carbon_tasks.generate_auto_labels_task -- classifying 1 unique screens
2021-05-01 20:35:38,069 INFO     test_ai_mod.carbon_utils.carbon_data -- loading models from LKG dir
2021-05-01 20:35:38,069 INFO     test_ai_mod.carbon_utils.carbon_data -- loading models from LKG dir
2021-05-01 20:35:38,070 INFO     test_ai_mod.carbon_classifiers.label_classifier_pipe -- Begin labeling elements
2021-05-01 20:35:38,079 INFO     test_ai_mod.carbon_classifiers.template_matching.app_specific_template_matcher -- Classifying screen with AppSpecificTemplateMatcher
2021-05-01 20:35:38,079 INFO     test_ai_mod.carbon_classifiers.perceptual.nn_classifier -- Classifying screen with NNClassifier
2021-05-01 20:35:38,109 INFO     test_ai_mod.carbon_classifiers.label_classifier_pipe -- End labeling elements: Time taken 0.0387251377106 seconds
2021-05-01 20:35:38,109 INFO     test_ai_mod.carbon_tasks.generate_auto_labels_task -- classifying 24 unique elems
2021-05-01 20:35:38,111 INFO     test_ai_mod.carbon_utils.carbon_data -- loading models from LKG dir
2021-05-01 20:35:38,111 INFO     test_ai_mod.carbon_utils.carbon_data -- loading models from LKG dir
2021-05-01 20:35:38,111 INFO     test_ai_mod.carbon_classifiers.label_classifier_pipe -- Begin labeling elements
2021-05-01 20:35:38,120 INFO     test_ai_mod.carbon_classifiers.template_matching.app_specific_template_matcher -- Classifying screen with AppSpecificTemplateMatcher
2021-05-01 20:35:38,120 INFO     test_ai_mod.carbon_classifiers.perceptual.nn_classifier -- Classifying screen with NNClassifier
2021-05-01 20:35:38,265 INFO     test_ai_mod.carbon_classifiers.label_classifier_pipe -- End labeling elements: Time taken 0.153569936752 seconds
2021-05-01 20:35:38,267 INFO     test_ai_mod.carbon_tasks.generate_auto_labels_task -- writing merged, suggested labels to file: /Users/bot/test_ai/apps/8e3f7530-76ee-45b7-9ff2-cf4a8c01c1c1/builds/7b802321-75bf-4bfe-8464-13cd344a222c/crawls/20210501203516/labels/suggested_labels.json
2021-05-01 20:35:38,268 INFO     test_ai_mod.carbon_explore.interactive -- 


[32;1mCarbon Interactive Crawling Session Starting...
Please make sure you are running the test.ai GUI (./test.ai -d).
Once the GUI is running, please visit [34mhttp://localhost:5000[32;1m.
To access the interactive session, select the correct app, and click on "Live Labeling".

[0m
2021-05-01 20:35:40,530 INFO     test_ai_mod.carbon_explore.interactive -- Interactive explore -- status -- start
2021-05-01 20:35:40,530 INFO     test_ai_mod.carbon_explore.interactive -- Interactive explore -- status -- end
2021-05-01 20:35:40,538 INFO     test_ai_mod.carbon_explore.interactive -- Interactive explore -- get_crawls(android, 8e3f7530-76ee-45b7-9ff2-cf4a8c01c1c1) -- start
2021-05-01 20:35:40,542 INFO     test_ai_mod.carbon_explore.interactive -- Interactive explore -- get_crawls(android, 8e3f7530-76ee-45b7-9ff2-cf4a8c01c1c1) -- end
2021-05-01 20:35:40,572 INFO     test_ai_mod.carbon_dao.local_carbon_dao -- Getting build info: APP_ID: 8e3f7530-76ee-45b7-9ff2-cf4a8c01c1c1, BUILD_ID: 7b802321-75bf-4bfe-8464-13cd344a222c
2021-05-01 20:35:40,617 INFO     test_ai_mod.carbon_explore.interactive -- Interactive explore -- get_labeler_objects -- start
2021-05-01 20:35:40,617 INFO     test_ai_mod.carbon_explore.interactive -- Interactive explore -- Processing crawl interactively 20210501203516
2021-05-01 20:35:40,618 INFO     test_ai_mod.carbon_tasks.process_crawl_task -- processing crawl: 20210501203516 (app: 8e3f7530-76ee-45b7-9ff2-cf4a8c01c1c1, build: 7b802321-75bf-4bfe-8464-13cd344a222c)
2021-05-01 20:35:40,618 INFO     test_ai_mod.carbon_tasks.process_crawl_task -- processing screens for crawl
2021-05-01 20:35:40,712 INFO     test_ai_mod.carbon_tasks.process_crawl_task -- writing unique screens file
2021-05-01 20:35:40,712 INFO     test_ai_mod.carbon_tasks.process_crawl_task -- writing screen hash map
2021-05-01 20:35:40,713 INFO     test_ai_mod.carbon_tasks.process_crawl_task -- writing screen similarity file
2021-05-01 20:35:40,714 INFO     test_ai_mod.carbon_tasks.process_crawl_task -- processing elements for crawl
2021-05-01 20:35:40,714 INFO     test_ai_mod.carbon_tasks.process_crawl_task -- skipping already processed: iter_00000_step_00000_info.json
2021-05-01 20:35:40,860 INFO     test_ai_mod.carbon_tasks.process_crawl_task -- Writing unique tags file.
2021-05-01 20:35:40,861 INFO     test_ai_mod.carbon_tasks.process_crawl_task -- writing unique elems file
2021-05-01 20:35:40,861 INFO     test_ai_mod.carbon_tasks.process_crawl_task -- writing elem hash map
2021-05-01 20:35:40,864 INFO     test_ai_mod.carbon_tasks.process_crawl_task -- writing elem similarity file
2021-05-01 20:35:40,867 INFO     test_ai_mod.carbon_tasks.process_crawl_task -- generating labeler objects file for crawl (v0)
2021-05-01 20:35:40,871 INFO     test_ai_mod.carbon_tasks.process_crawl_task -- reconciling screens labeled at runtime
2021-05-01 20:35:40,871 INFO     test_ai_mod.carbon_tasks.process_crawl_task -- reconciling elements labeled at runtime
2021-05-01 20:35:40,875 INFO     test_ai_mod.carbon_explore.interactive -- Interactive explore -- Generating labels using hash information 20210501203516
2021-05-01 20:35:40,876 INFO     test_ai_mod.carbon_explore.interactive -- Interactive explore -- get_labeler_objects -- end
2021-05-01 20:35:40,916 INFO     test_ai_mod.carbon_dao.local_carbon_dao -- Getting build info: APP_ID: 8e3f7530-76ee-45b7-9ff2-cf4a8c01c1c1, BUILD_ID: 7b802321-75bf-4bfe-8464-13cd344a222c
2021-05-01 20:35:40,924 INFO     test_ai_mod.carbon_dao.local_carbon_dao -- Getting build info: APP_ID: 8e3f7530-76ee-45b7-9ff2-cf4a8c01c1c1, BUILD_ID: 7b802321-75bf-4bfe-8464-13cd344a222c
2021-05-01 20:35:40,943 INFO     test_ai_mod.labeler.v1.crawls -- elem image requested, crawl: 20210501203516, filename: iter_00000_step_00000_15_android.view.ViewGroup.png
2021-05-01 20:35:40,946 INFO     test_ai_mod.labeler.v1.crawls -- elem image requested, crawl: 20210501203516, filename: iter_00000_step_00000_22_android.widget.ImageView.png
2021-05-01 20:35:40,947 INFO     test_ai_mod.labeler.v1.crawls -- elem image requested, crawl: 20210501203516, filename: iter_00000_step_00000_10_android.widget.FrameLayout.png
2021-05-01 20:35:40,949 INFO     test_ai_mod.labeler.v1.crawls -- elem image requested, crawl: 20210501203516, filename: iter_00000_step_00000_19_android.widget.TextView.png
2021-05-01 20:35:40,952 INFO     test_ai_mod.labeler.v1.crawls -- elem image requested, crawl: 20210501203516, filename: iter_00000_step_00000_16_android.view.ViewGroup.png
2021-05-01 20:35:40,953 INFO     test_ai_mod.labeler.v1.crawls -- elem image requested, crawl: 20210501203516, filename: iter_00000_step_00000_18_android.widget.TextView.png
2021-05-01 20:35:40,955 INFO     test_ai_mod.carbon_dao.local_carbon_dao -- Getting build info: APP_ID: 8e3f7530-76ee-45b7-9ff2-cf4a8c01c1c1, BUILD_ID: 7b802321-75bf-4bfe-8464-13cd344a222c
2021-05-01 20:35:40,955 INFO     test_ai_mod.carbon_dao.local_carbon_dao -- Getting build info: APP_ID: 8e3f7530-76ee-45b7-9ff2-cf4a8c01c1c1, BUILD_ID: 7b802321-75bf-4bfe-8464-13cd344a222c
2021-05-01 20:35:40,955 INFO     test_ai_mod.carbon_dao.local_carbon_dao -- Getting build info: APP_ID: 8e3f7530-76ee-45b7-9ff2-cf4a8c01c1c1, BUILD_ID: 7b802321-75bf-4bfe-8464-13cd344a222c
2021-05-01 20:35:40,956 INFO     test_ai_mod.carbon_dao.local_carbon_dao -- Getting build info: APP_ID: 8e3f7530-76ee-45b7-9ff2-cf4a8c01c1c1, BUILD_ID: 7b802321-75bf-4bfe-8464-13cd344a222c
2021-05-01 20:35:40,957 INFO     test_ai_mod.labeler.v1.crawls -- resolved to: /Users/bot/test_ai/apps/8e3f7530-76ee-45b7-9ff2-cf4a8c01c1c1/builds/7b802321-75bf-4bfe-8464-13cd344a222c/crawls/20210501203516/elems/iter_00000_step_00000_10_android.widget.FrameLayout.png
2021-05-01 20:35:40,957 INFO     test_ai_mod.labeler.v1.crawls -- resolved to: /Users/bot/test_ai/apps/8e3f7530-76ee-45b7-9ff2-cf4a8c01c1c1/builds/7b802321-75bf-4bfe-8464-13cd344a222c/crawls/20210501203516/elems/iter_00000_step_00000_15_android.view.ViewGroup.png
2021-05-01 20:35:40,958 INFO     test_ai_mod.carbon_dao.local_carbon_dao -- Getting build info: APP_ID: 8e3f7530-76ee-45b7-9ff2-cf4a8c01c1c1, BUILD_ID: 7b802321-75bf-4bfe-8464-13cd344a222c
2021-05-01 20:35:40,958 INFO     test_ai_mod.labeler.v1.crawls -- resolved to: /Users/bot/test_ai/apps/8e3f7530-76ee-45b7-9ff2-cf4a8c01c1c1/builds/7b802321-75bf-4bfe-8464-13cd344a222c/crawls/20210501203516/elems/iter_00000_step_00000_22_android.widget.ImageView.png
2021-05-01 20:35:40,959 INFO     test_ai_mod.labeler.v1.crawls -- resolved to: /Users/bot/test_ai/apps/8e3f7530-76ee-45b7-9ff2-cf4a8c01c1c1/builds/7b802321-75bf-4bfe-8464-13cd344a222c/crawls/20210501203516/elems/iter_00000_step_00000_19_android.widget.TextView.png
2021-05-01 20:35:40,962 INFO     test_ai_mod.carbon_dao.local_carbon_dao -- Getting build info: APP_ID: 8e3f7530-76ee-45b7-9ff2-cf4a8c01c1c1, BUILD_ID: 7b802321-75bf-4bfe-8464-13cd344a222c
2021-05-01 20:35:40,964 INFO     test_ai_mod.labeler.v1.crawls -- resolved to: /Users/bot/test_ai/apps/8e3f7530-76ee-45b7-9ff2-cf4a8c01c1c1/builds/7b802321-75bf-4bfe-8464-13cd344a222c/crawls/20210501203516/elems/iter_00000_step_00000_16_android.view.ViewGroup.png
2021-05-01 20:35:40,966 INFO     test_ai_mod.labeler.v1.crawls -- resolved to: /Users/bot/test_ai/apps/8e3f7530-76ee-45b7-9ff2-cf4a8c01c1c1/builds/7b802321-75bf-4bfe-8464-13cd344a222c/crawls/20210501203516/elems/iter_00000_step_00000_18_android.widget.TextView.png
2021-05-01 20:35:40,973 INFO     test_ai_mod.labeler.v1.crawls -- elem image requested, crawl: 20210501203516, filename: iter_00000_step_00000_9_android.view.ViewGroup.png
2021-05-01 20:35:40,976 INFO     test_ai_mod.carbon_dao.local_carbon_dao -- Getting build info: APP_ID: 8e3f7530-76ee-45b7-9ff2-cf4a8c01c1c1, BUILD_ID: 7b802321-75bf-4bfe-8464-13cd344a222c
2021-05-01 20:35:40,978 INFO     test_ai_mod.labeler.v1.crawls -- resolved to: /Users/bot/test_ai/apps/8e3f7530-76ee-45b7-9ff2-cf4a8c01c1c1/builds/7b802321-75bf-4bfe-8464-13cd344a222c/crawls/20210501203516/elems/iter_00000_step_00000_9_android.view.ViewGroup.png
2021-05-01 20:35:40,981 INFO     test_ai_mod.labeler.v1.crawls -- elem image requested, crawl: 20210501203516, filename: iter_00000_step_00000_20_android.widget.TextView.png
2021-05-01 20:35:40,982 INFO     test_ai_mod.labeler.v1.crawls -- elem image requested, crawl: 20210501203516, filename: iter_00000_step_00000_12_android.widget.TextView.png
2021-05-01 20:35:40,984 INFO     test_ai_mod.labeler.v1.crawls -- elem image requested, crawl: 20210501203516, filename: iter_00000_step_00000_7_android.widget.ScrollView.png
2021-05-01 20:35:40,985 INFO     test_ai_mod.labeler.v1.crawls -- elem image requested, crawl: 20210501203516, filename: iter_00000_step_00000_21_android.widget.FrameLayout.png
2021-05-01 20:35:40,988 INFO     test_ai_mod.labeler.v1.crawls -- elem image requested, crawl: 20210501203516, filename: iter_00000_step_00000_0_android.widget.FrameLayout.png
2021-05-01 20:35:40,989 INFO     test_ai_mod.carbon_dao.local_carbon_dao -- Getting build info: APP_ID: 8e3f7530-76ee-45b7-9ff2-cf4a8c01c1c1, BUILD_ID: 7b802321-75bf-4bfe-8464-13cd344a222c
2021-05-01 20:35:40,990 INFO     test_ai_mod.labeler.v1.crawls -- resolved to: /Users/bot/test_ai/apps/8e3f7530-76ee-45b7-9ff2-cf4a8c01c1c1/builds/7b802321-75bf-4bfe-8464-13cd344a222c/crawls/20210501203516/elems/iter_00000_step_00000_20_android.widget.TextView.png
2021-05-01 20:35:40,992 INFO     test_ai_mod.carbon_dao.local_carbon_dao -- Getting build info: APP_ID: 8e3f7530-76ee-45b7-9ff2-cf4a8c01c1c1, BUILD_ID: 7b802321-75bf-4bfe-8464-13cd344a222c
2021-05-01 20:35:40,994 INFO     test_ai_mod.labeler.v1.crawls -- elem image requested, crawl: 20210501203516, filename: iter_00000_step_00000_23_android.view.View.png
2021-05-01 20:35:40,994 INFO     test_ai_mod.labeler.v1.crawls -- resolved to: /Users/bot/test_ai/apps/8e3f7530-76ee-45b7-9ff2-cf4a8c01c1c1/builds/7b802321-75bf-4bfe-8464-13cd344a222c/crawls/20210501203516/elems/iter_00000_step_00000_7_android.widget.ScrollView.png
2021-05-01 20:35:40,995 INFO     test_ai_mod.carbon_dao.local_carbon_dao -- Getting build info: APP_ID: 8e3f7530-76ee-45b7-9ff2-cf4a8c01c1c1, BUILD_ID: 7b802321-75bf-4bfe-8464-13cd344a222c
2021-05-01 20:35:40,995 INFO     test_ai_mod.carbon_dao.local_carbon_dao -- Getting build info: APP_ID: 8e3f7530-76ee-45b7-9ff2-cf4a8c01c1c1, BUILD_ID: 7b802321-75bf-4bfe-8464-13cd344a222c
2021-05-01 20:35:40,997 INFO     test_ai_mod.carbon_dao.local_carbon_dao -- Getting build info: APP_ID: 8e3f7530-76ee-45b7-9ff2-cf4a8c01c1c1, BUILD_ID: 7b802321-75bf-4bfe-8464-13cd344a222c
2021-05-01 20:35:40,999 INFO     test_ai_mod.labeler.v1.crawls -- elem image requested, crawl: 20210501203516, filename: iter_00000_step_00000_17_android.widget.TextView.png
2021-05-01 20:35:40,999 INFO     test_ai_mod.labeler.v1.crawls -- resolved to: /Users/bot/test_ai/apps/8e3f7530-76ee-45b7-9ff2-cf4a8c01c1c1/builds/7b802321-75bf-4bfe-8464-13cd344a222c/crawls/20210501203516/elems/iter_00000_step_00000_21_android.widget.FrameLayout.png
2021-05-01 20:35:41,000 INFO     test_ai_mod.carbon_dao.local_carbon_dao -- Getting build info: APP_ID: 8e3f7530-76ee-45b7-9ff2-cf4a8c01c1c1, BUILD_ID: 7b802321-75bf-4bfe-8464-13cd344a222c
2021-05-01 20:35:41,002 INFO     test_ai_mod.labeler.v1.crawls -- resolved to: /Users/bot/test_ai/apps/8e3f7530-76ee-45b7-9ff2-cf4a8c01c1c1/builds/7b802321-75bf-4bfe-8464-13cd344a222c/crawls/20210501203516/elems/iter_00000_step_00000_0_android.widget.FrameLayout.png
2021-05-01 20:35:41,004 INFO     test_ai_mod.labeler.v1.crawls -- resolved to: /Users/bot/test_ai/apps/8e3f7530-76ee-45b7-9ff2-cf4a8c01c1c1/builds/7b802321-75bf-4bfe-8464-13cd344a222c/crawls/20210501203516/elems/iter_00000_step_00000_12_android.widget.TextView.png
2021-05-01 20:35:41,007 INFO     test_ai_mod.labeler.v1.crawls -- resolved to: /Users/bot/test_ai/apps/8e3f7530-76ee-45b7-9ff2-cf4a8c01c1c1/builds/7b802321-75bf-4bfe-8464-13cd344a222c/crawls/20210501203516/elems/iter_00000_step_00000_23_android.view.View.png
2021-05-01 20:35:41,010 INFO     test_ai_mod.carbon_dao.local_carbon_dao -- Getting build info: APP_ID: 8e3f7530-76ee-45b7-9ff2-cf4a8c01c1c1, BUILD_ID: 7b802321-75bf-4bfe-8464-13cd344a222c
2021-05-01 20:35:41,012 INFO     test_ai_mod.labeler.v1.crawls -- resolved to: /Users/bot/test_ai/apps/8e3f7530-76ee-45b7-9ff2-cf4a8c01c1c1/builds/7b802321-75bf-4bfe-8464-13cd344a222c/crawls/20210501203516/elems/iter_00000_step_00000_17_android.widget.TextView.png
2021-05-01 20:35:41,015 INFO     test_ai_mod.labeler.v1.crawls -- elem image requested, crawl: 20210501203516, filename: iter_00000_step_00000_6_android.view.View.png
2021-05-01 20:35:41,017 INFO     test_ai_mod.labeler.v1.crawls -- elem image requested, crawl: 20210501203516, filename: iter_00000_step_00000_5_android.view.View.png
2021-05-01 20:35:41,018 INFO     test_ai_mod.labeler.v1.crawls -- elem image requested, crawl: 20210501203516, filename: iter_00000_step_00000_8_android.view.ViewGroup.png
2021-05-01 20:35:41,020 INFO     test_ai_mod.carbon_dao.local_carbon_dao -- Getting build info: APP_ID: 8e3f7530-76ee-45b7-9ff2-cf4a8c01c1c1, BUILD_ID: 7b802321-75bf-4bfe-8464-13cd344a222c
2021-05-01 20:35:41,020 INFO     test_ai_mod.carbon_dao.local_carbon_dao -- Getting build info: APP_ID: 8e3f7530-76ee-45b7-9ff2-cf4a8c01c1c1, BUILD_ID: 7b802321-75bf-4bfe-8464-13cd344a222c
2021-05-01 20:35:41,020 INFO     test_ai_mod.carbon_dao.local_carbon_dao -- Getting build info: APP_ID: 8e3f7530-76ee-45b7-9ff2-cf4a8c01c1c1, BUILD_ID: 7b802321-75bf-4bfe-8464-13cd344a222c
2021-05-01 20:35:41,022 INFO     test_ai_mod.labeler.v1.crawls -- elem image requested, crawl: 20210501203516, filename: iter_00000_step_00000_11_android.widget.LinearLayout.png
2021-05-01 20:35:41,023 INFO     test_ai_mod.labeler.v1.crawls -- resolved to: /Users/bot/test_ai/apps/8e3f7530-76ee-45b7-9ff2-cf4a8c01c1c1/builds/7b802321-75bf-4bfe-8464-13cd344a222c/crawls/20210501203516/elems/iter_00000_step_00000_5_android.view.View.png
2021-05-01 20:35:41,023 INFO     test_ai_mod.labeler.v1.crawls -- resolved to: /Users/bot/test_ai/apps/8e3f7530-76ee-45b7-9ff2-cf4a8c01c1c1/builds/7b802321-75bf-4bfe-8464-13cd344a222c/crawls/20210501203516/elems/iter_00000_step_00000_6_android.view.View.png
2021-05-01 20:35:41,027 INFO     test_ai_mod.labeler.v1.crawls -- resolved to: /Users/bot/test_ai/apps/8e3f7530-76ee-45b7-9ff2-cf4a8c01c1c1/builds/7b802321-75bf-4bfe-8464-13cd344a222c/crawls/20210501203516/elems/iter_00000_step_00000_8_android.view.ViewGroup.png
2021-05-01 20:35:41,028 INFO     test_ai_mod.carbon_dao.local_carbon_dao -- Getting build info: APP_ID: 8e3f7530-76ee-45b7-9ff2-cf4a8c01c1c1, BUILD_ID: 7b802321-75bf-4bfe-8464-13cd344a222c
2021-05-01 20:35:41,031 INFO     test_ai_mod.labeler.v1.crawls -- elem image requested, crawl: 20210501203516, filename: iter_00000_step_00000_13_android.view.View.png
2021-05-01 20:35:41,033 INFO     test_ai_mod.labeler.v1.crawls -- resolved to: /Users/bot/test_ai/apps/8e3f7530-76ee-45b7-9ff2-cf4a8c01c1c1/builds/7b802321-75bf-4bfe-8464-13cd344a222c/crawls/20210501203516/elems/iter_00000_step_00000_11_android.widget.LinearLayout.png
2021-05-01 20:35:41,038 INFO     test_ai_mod.carbon_dao.local_carbon_dao -- Getting build info: APP_ID: 8e3f7530-76ee-45b7-9ff2-cf4a8c01c1c1, BUILD_ID: 7b802321-75bf-4bfe-8464-13cd344a222c
2021-05-01 20:35:41,041 INFO     test_ai_mod.labeler.v1.crawls -- elem image requested, crawl: 20210501203516, filename: iter_00000_step_00000_14_android.widget.FrameLayout.png
2021-05-01 20:35:41,042 INFO     test_ai_mod.labeler.v1.crawls -- resolved to: /Users/bot/test_ai/apps/8e3f7530-76ee-45b7-9ff2-cf4a8c01c1c1/builds/7b802321-75bf-4bfe-8464-13cd344a222c/crawls/20210501203516/elems/iter_00000_step_00000_13_android.view.View.png
2021-05-01 20:35:41,044 INFO     test_ai_mod.labeler.v1.crawls -- elem image requested, crawl: 20210501203516, filename: iter_00000_step_00000_1_android.widget.LinearLayout.png
2021-05-01 20:35:41,047 INFO     test_ai_mod.carbon_dao.local_carbon_dao -- Getting build info: APP_ID: 8e3f7530-76ee-45b7-9ff2-cf4a8c01c1c1, BUILD_ID: 7b802321-75bf-4bfe-8464-13cd344a222c
2021-05-01 20:35:41,047 INFO     test_ai_mod.carbon_dao.local_carbon_dao -- Getting build info: APP_ID: 8e3f7530-76ee-45b7-9ff2-cf4a8c01c1c1, BUILD_ID: 7b802321-75bf-4bfe-8464-13cd344a222c
2021-05-01 20:35:41,048 INFO     test_ai_mod.labeler.v1.crawls -- resolved to: /Users/bot/test_ai/apps/8e3f7530-76ee-45b7-9ff2-cf4a8c01c1c1/builds/7b802321-75bf-4bfe-8464-13cd344a222c/crawls/20210501203516/elems/iter_00000_step_00000_14_android.widget.FrameLayout.png
2021-05-01 20:35:41,049 INFO     test_ai_mod.labeler.v1.crawls -- resolved to: /Users/bot/test_ai/apps/8e3f7530-76ee-45b7-9ff2-cf4a8c01c1c1/builds/7b802321-75bf-4bfe-8464-13cd344a222c/crawls/20210501203516/elems/iter_00000_step_00000_1_android.widget.LinearLayout.png
2021-05-01 20:35:41,104 INFO     test_ai_mod.carbon_dao.local_carbon_dao -- Getting build info: APP_ID: 8e3f7530-76ee-45b7-9ff2-cf4a8c01c1c1, BUILD_ID: 7b802321-75bf-4bfe-8464-13cd344a222c
2021-05-01 20:35:55,531 INFO     test_ai_mod.carbon_explore.interactive -- Interactive explore -- status -- start
2021-05-01 20:35:55,532 INFO     test_ai_mod.carbon_explore.interactive -- Interactive explore -- status -- end
2021-05-01 20:36:10,528 INFO     test_ai_mod.carbon_explore.interactive -- Interactive explore -- status -- start
2021-05-01 20:36:10,528 INFO     test_ai_mod.carbon_explore.interactive -- Interactive explore -- status -- end
2021-05-01 20:36:24,334 INFO     test_ai_mod.carbon_explore.interactive -- Interactive explore -- status -- start
2021-05-01 20:36:24,335 INFO     test_ai_mod.carbon_explore.interactive -- Interactive explore -- status -- end
2021-05-01 20:36:24,341 INFO     test_ai_mod.carbon_explore.interactive -- Interactive explore -- status -- start
2021-05-01 20:36:24,342 INFO     test_ai_mod.carbon_explore.interactive -- Interactive explore -- status -- end
2021-05-01 20:36:24,344 INFO     root -- Stopping interactive crawl.
2021-05-01 20:36:24,350 INFO     test_ai_mod.carbon_explore.interactive -- Interactive explore -- stop -- start
2021-05-01 20:36:24,351 INFO     test_ai_mod.carbon_explore.interactive -- Interactive explore -- stop -- stop
2021-05-01 20:36:24,865 INFO     test_ai_mod.carbon_explore.explore_hook -- Explore hook -- apply_deferred_runtime_labels starting.
2021-05-01 20:36:24,866 INFO     test_ai_mod.carbon_explore.explore_hook -- Explore hook -- apply_deferred_runtime_labels completed.
2021-05-01 20:36:24,866 INFO     test_ai_mod.carbon_explore.interactive -- Interactive explore -- start_interactive_loop completed.
2021-05-01 20:36:24,866 INFO     test_ai_mod.carbon_explore.explore -- performing post-walk cleanup
2021-05-01 20:36:25,223 INFO     test_ai_mod.carbon_utils.simulator_tools -- performing post-test cleanup
2021-05-01 20:36:25,223 INFO     test_ai_mod.carbon_utils.simulator_tools -- calling driver.quit
2021-05-01 20:36:25,229 INFO     test_ai_mod.carbon_explore.explore -- iteration completed: 0
2021-05-01 20:36:25,229 INFO     test_ai_mod.carbon_tasks.crawl_build_task -- walk: 1 - succeeded
2021-05-01 20:36:25,229 INFO     test_ai_mod.carbon_tasks.crawl_build_task -- Handling crawl stop request.
2021-05-01 20:36:25,233 INFO     test_ai_mod.carbon_dao.local_carbon_dao -- Getting build info: APP_ID: 8e3f7530-76ee-45b7-9ff2-cf4a8c01c1c1, BUILD_ID: 7b802321-75bf-4bfe-8464-13cd344a222c
2021-05-01 20:36:25,236 INFO     test_ai_mod.carbon_dao.local_carbon_dao -- Getting build info: APP_ID: 8e3f7530-76ee-45b7-9ff2-cf4a8c01c1c1, BUILD_ID: 7b802321-75bf-4bfe-8464-13cd344a222c
2021-05-01 20:36:25,236 INFO     test_ai_mod.carbon_dao.local_carbon_dao -- Getting build info: APP_ID: 8e3f7530-76ee-45b7-9ff2-cf4a8c01c1c1, BUILD_ID: 7b802321-75bf-4bfe-8464-13cd344a222c
2021-05-01 20:36:25,238 INFO     test_ai_mod.carbon_dao.local_carbon_dao -- Getting build info: APP_ID: 8e3f7530-76ee-45b7-9ff2-cf4a8c01c1c1, BUILD_ID: 7b802321-75bf-4bfe-8464-13cd344a222c
2021-05-01 20:36:25,239 INFO     test_ai_mod.carbon_dao.local_carbon_dao -- Getting build info: APP_ID: 8e3f7530-76ee-45b7-9ff2-cf4a8c01c1c1, BUILD_ID: 7b802321-75bf-4bfe-8464-13cd344a222c
2021-05-01 20:36:25,240 INFO     test_ai_mod.carbon_tasks.version_control_tasks -- processing screens and elements (crawl: 20210501203300)
2021-05-01 20:36:25,255 INFO     test_ai_mod.carbon_tasks.process_crawl_task -- processing crawl: 20210501203300 (app: 8e3f7530-76ee-45b7-9ff2-cf4a8c01c1c1, build: 7b802321-75bf-4bfe-8464-13cd344a222c)
2021-05-01 20:36:25,255 INFO     test_ai_mod.carbon_tasks.process_crawl_task -- processing screens for crawl
2021-05-01 20:36:25,268 INFO     test_ai_mod.carbon_tasks.process_crawl_task -- writing unique screens file
2021-05-01 20:36:25,269 INFO     test_ai_mod.carbon_tasks.process_crawl_task -- writing screen hash map
2021-05-01 20:36:25,270 INFO     test_ai_mod.carbon_tasks.process_crawl_task -- writing screen similarity file
2021-05-01 20:36:25,270 INFO     test_ai_mod.carbon_tasks.process_crawl_task -- processing elements for crawl
2021-05-01 20:36:25,287 INFO     test_ai_mod.carbon_tasks.process_crawl_task -- Writing unique tags file.
2021-05-01 20:36:25,288 INFO     test_ai_mod.carbon_tasks.process_crawl_task -- writing unique elems file
2021-05-01 20:36:25,289 INFO     test_ai_mod.carbon_tasks.process_crawl_task -- writing elem hash map
2021-05-01 20:36:25,290 INFO     test_ai_mod.carbon_tasks.process_crawl_task -- writing elem similarity file
2021-05-01 20:36:25,290 INFO     test_ai_mod.carbon_tasks.process_crawl_task -- generating and saving feature data for crawl
2021-05-01 20:36:25,290 INFO     test_ai_mod.carbon_tasks.generate_feature_data_task -- generating feature data for crawl: 20210501203300, app_id: 8e3f7530-76ee-45b7-9ff2-cf4a8c01c1c1, build_id: 7b802321-75bf-4bfe-8464-13cd344a222c
2021-05-01 20:36:25,291 INFO     test_ai_mod.carbon_tasks.generate_feature_data_task -- generating screen feature data
2021-05-01 20:36:25,297 INFO     test_ai_mod.carbon_tasks.generate_feature_data_task -- saving screen feature data
2021-05-01 20:36:25,299 INFO     test_ai_mod.carbon_tasks.process_crawl_task -- generating labeler objects file for crawl (v0)
2021-05-01 20:36:25,305 ERROR    test_ai_mod.carbon_tasks.labeler_objects_task -- no screen uniques data found
2021-05-01 20:36:25,306 ERROR    test_ai_mod.carbon_tasks.labeler_objects_task -- no elem uniques data found
2021-05-01 20:36:25,306 INFO     test_ai_mod.carbon_tasks.process_crawl_task -- reconciling screens labeled at runtime
2021-05-01 20:36:25,306 INFO     test_ai_mod.carbon_tasks.process_crawl_task -- reconciling elements labeled at runtime
2021-05-01 20:36:25,308 INFO     test_ai_mod.carbon_dao.local_carbon_dao -- Getting build info: APP_ID: 8e3f7530-76ee-45b7-9ff2-cf4a8c01c1c1, BUILD_ID: 7b802321-75bf-4bfe-8464-13cd344a222c
2021-05-01 20:36:25,308 INFO     test_ai_mod.carbon_tasks.process_crawl_task -- processing crawl: 20210501203516 (app: 8e3f7530-76ee-45b7-9ff2-cf4a8c01c1c1, build: 7b802321-75bf-4bfe-8464-13cd344a222c)
2021-05-01 20:36:25,309 INFO     test_ai_mod.carbon_tasks.process_crawl_task -- processing screens for crawl
2021-05-01 20:36:25,407 INFO     test_ai_mod.carbon_tasks.process_crawl_task -- writing unique screens file
2021-05-01 20:36:25,409 INFO     test_ai_mod.carbon_tasks.process_crawl_task -- writing screen hash map
2021-05-01 20:36:25,417 INFO     test_ai_mod.carbon_tasks.process_crawl_task -- writing screen similarity file
2021-05-01 20:36:25,417 INFO     test_ai_mod.carbon_tasks.process_crawl_task -- processing elements for crawl
2021-05-01 20:36:25,420 INFO     test_ai_mod.carbon_tasks.process_crawl_task -- skipping already processed: iter_00000_step_00000_info.json
2021-05-01 20:36:25,644 INFO     test_ai_mod.carbon_tasks.process_crawl_task -- Writing unique tags file.
2021-05-01 20:36:25,645 INFO     test_ai_mod.carbon_tasks.process_crawl_task -- writing unique elems file
2021-05-01 20:36:25,645 INFO     test_ai_mod.carbon_tasks.process_crawl_task -- writing elem hash map
2021-05-01 20:36:25,652 INFO     test_ai_mod.carbon_tasks.process_crawl_task -- writing elem similarity file
2021-05-01 20:36:25,657 INFO     test_ai_mod.carbon_tasks.process_crawl_task -- generating and saving feature data for crawl
2021-05-01 20:36:25,657 INFO     test_ai_mod.carbon_tasks.generate_feature_data_task -- generating feature data for crawl: 20210501203516, app_id: 8e3f7530-76ee-45b7-9ff2-cf4a8c01c1c1, build_id: 7b802321-75bf-4bfe-8464-13cd344a222c
2021-05-01 20:36:25,658 INFO     test_ai_mod.carbon_tasks.generate_feature_data_task -- generating screen feature data
2021-05-01 20:36:26,050 INFO     test_ai_mod.carbon_tasks.generate_feature_data_task -- saving screen feature data
2021-05-01 20:36:26,053 INFO     test_ai_mod.carbon_tasks.process_crawl_task -- generating labeler objects file for crawl (v0)
2021-05-01 20:36:26,056 INFO     test_ai_mod.carbon_tasks.process_crawl_task -- reconciling screens labeled at runtime
2021-05-01 20:36:26,056 INFO     test_ai_mod.carbon_tasks.process_crawl_task -- reconciling elements labeled at runtime
2021-05-01 20:36:26,059 INFO     test_ai_mod.carbon_tasks.generate_auto_labels_task -- generating auto labels for crawl: 20210501203516, app_id: 8e3f7530-76ee-45b7-9ff2-cf4a8c01c1c1, build_id: 7b802321-75bf-4bfe-8464-13cd344a222c
2021-05-01 20:36:26,060 INFO     test_ai_mod.carbon_dao.local_carbon_dao -- Getting build info: APP_ID: 8e3f7530-76ee-45b7-9ff2-cf4a8c01c1c1, BUILD_ID: 7b802321-75bf-4bfe-8464-13cd344a222c
2021-05-01 20:36:26,061 INFO     test_ai_mod.carbon_dao.local_carbon_dao -- Getting build info: APP_ID: 8e3f7530-76ee-45b7-9ff2-cf4a8c01c1c1, BUILD_ID: 7b802321-75bf-4bfe-8464-13cd344a222c
2021-05-01 20:36:26,062 INFO     test_ai_mod.carbon_dao.local_carbon_dao -- Getting build info: APP_ID: 8e3f7530-76ee-45b7-9ff2-cf4a8c01c1c1, BUILD_ID: 7b802321-75bf-4bfe-8464-13cd344a222c
2021-05-01 20:36:26,062 INFO     test_ai_mod.carbon_dao.local_carbon_dao -- Getting build info: APP_ID: 8e3f7530-76ee-45b7-9ff2-cf4a8c01c1c1, BUILD_ID: 7b802321-75bf-4bfe-8464-13cd344a222c
2021-05-01 20:36:26,063 INFO     test_ai_mod.carbon_dao.local_carbon_dao -- Getting build info: APP_ID: 8e3f7530-76ee-45b7-9ff2-cf4a8c01c1c1, BUILD_ID: 7b802321-75bf-4bfe-8464-13cd344a222c
2021-05-01 20:36:26,064 INFO     test_ai_mod.carbon_dao.local_carbon_dao -- Getting build info: APP_ID: 8e3f7530-76ee-45b7-9ff2-cf4a8c01c1c1, BUILD_ID: 7b802321-75bf-4bfe-8464-13cd344a222c
2021-05-01 20:36:26,147 INFO     test_ai_mod.carbon_tasks.generate_auto_labels_task -- writing merged, suggested labels to file: /Users/bot/test_ai/apps/8e3f7530-76ee-45b7-9ff2-cf4a8c01c1c1/builds/7b802321-75bf-4bfe-8464-13cd344a222c/crawls/20210501203300/labels/suggested_labels.json
2021-05-01 20:36:26,151 INFO     test_ai_mod.carbon_tasks.generate_auto_labels_task -- writing merged, suggested labels to file: /Users/bot/test_ai/apps/8e3f7530-76ee-45b7-9ff2-cf4a8c01c1c1/builds/7b802321-75bf-4bfe-8464-13cd344a222c/crawls/20210501151446/labels/suggested_labels.json
2021-05-01 20:36:26,151 INFO     test_ai_mod.carbon_tasks.generate_auto_labels_task -- writing merged, suggested labels to file: /Users/bot/test_ai/apps/8e3f7530-76ee-45b7-9ff2-cf4a8c01c1c1/builds/7b802321-75bf-4bfe-8464-13cd344a222c/crawls/20210501151920/labels/suggested_labels.json
2021-05-01 20:36:26,152 INFO     test_ai_mod.carbon_tasks.generate_auto_labels_task -- writing merged, suggested labels to file: /Users/bot/test_ai/apps/8e3f7530-76ee-45b7-9ff2-cf4a8c01c1c1/builds/7b802321-75bf-4bfe-8464-13cd344a222c/crawls/20210501203516/labels/suggested_labels.json
2021-05-01 20:36:26,175 INFO     test_ai_mod.carbon_tasks.generate_auto_labels_task -- writing merged, suggested labels to file: /Users/bot/test_ai/apps/8e3f7530-76ee-45b7-9ff2-cf4a8c01c1c1/builds/7b802321-75bf-4bfe-8464-13cd344a222c/crawls/20210501180948/labels/suggested_labels.json
2021-05-01 20:36:26,231 INFO     test_ai_mod.carbon_tasks.generate_auto_labels_task -- writing applied hashes to labels to file: /Users/bot/test_ai/apps/8e3f7530-76ee-45b7-9ff2-cf4a8c01c1c1/lkg/hashes_to_labels.json
2021-05-01 20:36:26,231 INFO     test_ai_mod.carbon_tasks.generate_auto_labels_task -- writing applied human readable to labels to file: /Users/bot/test_ai/apps/8e3f7530-76ee-45b7-9ff2-cf4a8c01c1c1/lkg/human_readable_to_labels.json
2021-05-01 20:36:26,232 INFO     test_ai_mod.carbon_tasks.generate_auto_labels_task -- writing label to hash dicts to file: /Users/bot/test_ai/apps/8e3f7530-76ee-45b7-9ff2-cf4a8c01c1c1/lkg/label_to_hash_dicts.json
2021-05-01 20:36:26,233 INFO     test_ai_mod.carbon_tasks.generate_auto_labels_task -- writing human readable to paths to file: /Users/bot/test_ai/apps/8e3f7530-76ee-45b7-9ff2-cf4a8c01c1c1/lkg/human_readable_to_paths.json
2021-05-01 20:36:26,234 INFO     test_ai_mod.carbon_classifiers.label_classifier_pipe -- Begin loading configured modules
2021-05-01 20:36:26,234 INFO     test_ai_mod.carbon_classifiers.carbon_classifier_v1.screen_classifier -- Loading ScreenClassifier
2021-05-01 20:36:26,255 INFO     test_ai_mod.carbon_classifiers.template_matching.app_specific_template_matcher -- Loading AppSpecificTemplateMatcher
2021-05-01 20:36:26,255 INFO     test_ai_mod.carbon_classifiers.perceptual.nn_classifier -- Loading NNClassifier
2021-05-01 20:36:26,255 INFO     test_ai_mod.carbon_classifiers.template_matching.template_matching_classifier -- Loading TemplateMatchingClassifier
2021-05-01 20:36:26,256 WARNING  test_ai_mod.carbon_classifiers.template_matching.template_matching_classifier -- No template director exists at /Users/bot/test_ai/templates
2021-05-01 20:36:26,256 INFO     test_ai_mod.carbon_classifiers.http_classifier.http_classifier -- Loaded Http Classifier for ""
2021-05-01 20:36:26,256 INFO     test_ai_mod.carbon_tasks.generate_auto_labels_task -- classifying 1 unique screens
2021-05-01 20:36:26,256 INFO     test_ai_mod.carbon_utils.carbon_data -- loading models from LKG dir
2021-05-01 20:36:26,256 INFO     test_ai_mod.carbon_utils.carbon_data -- loading models from LKG dir
2021-05-01 20:36:26,257 INFO     test_ai_mod.carbon_classifiers.label_classifier_pipe -- Begin labeling elements
2021-05-01 20:36:26,274 INFO     test_ai_mod.carbon_classifiers.template_matching.app_specific_template_matcher -- Classifying screen with AppSpecificTemplateMatcher
2021-05-01 20:36:26,274 INFO     test_ai_mod.carbon_classifiers.perceptual.nn_classifier -- Classifying screen with NNClassifier
2021-05-01 20:36:26,329 INFO     test_ai_mod.carbon_classifiers.label_classifier_pipe -- End labeling elements: Time taken 0.0721859931946 seconds
2021-05-01 20:36:26,330 INFO     test_ai_mod.carbon_tasks.generate_auto_labels_task -- classifying 21 unique elems
2021-05-01 20:36:26,332 INFO     test_ai_mod.carbon_utils.carbon_data -- loading models from LKG dir
2021-05-01 20:36:26,332 INFO     test_ai_mod.carbon_utils.carbon_data -- loading models from LKG dir
2021-05-01 20:36:26,332 INFO     test_ai_mod.carbon_classifiers.label_classifier_pipe -- Begin labeling elements
2021-05-01 20:36:26,347 INFO     test_ai_mod.carbon_classifiers.template_matching.app_specific_template_matcher -- Classifying screen with AppSpecificTemplateMatcher
2021-05-01 20:36:26,368 INFO     test_ai_mod.carbon_classifiers.perceptual.nn_classifier -- Classifying screen with NNClassifier
2021-05-01 20:36:26,505 INFO     test_ai_mod.carbon_classifiers.label_classifier_pipe -- End labeling elements: Time taken 0.172373056412 seconds
2021-05-01 20:36:26,506 INFO     test_ai_mod.carbon_tasks.generate_auto_labels_task -- writing merged, suggested labels to file: /Users/bot/test_ai/apps/8e3f7530-76ee-45b7-9ff2-cf4a8c01c1c1/builds/7b802321-75bf-4bfe-8464-13cd344a222c/crawls/20210501203516/labels/suggested_labels.json
2021-05-01 20:36:26,508 INFO     test_ai_mod.carbon_controllers.crawls -- Removing threaded log file handler for crawl.
