2021-05-01 20:42:58,771 INFO     test_ai_mod.carbon_controllers.crawls -- Logging crawl output to /Users/bot/test_ai/apps/8e3f7530-76ee-45b7-9ff2-cf4a8c01c1c1/builds/7b802321-75bf-4bfe-8464-13cd344a222c/logs/crawl-20210502034258.log
2021-05-01 20:42:58,772 INFO     test_ai_mod.carbon_tasks.crawl_build_task -- crawling build, app_id: 8e3f7530-76ee-45b7-9ff2-cf4a8c01c1c1, build_id: 7b802321-75bf-4bfe-8464-13cd344a222c
2021-05-01 20:42:58,772 INFO     test_ai_mod.carbon_tasks.crawl_build_task -- num_steps (when no test): 25
2021-05-01 20:42:58,772 INFO     test_ai_mod.carbon_tasks.crawl_build_task -- max_steps: 150
2021-05-01 20:42:58,772 INFO     test_ai_mod.carbon_tasks.crawl_build_task -- max_iterations: 1
2021-05-01 20:42:58,772 INFO     test_ai_mod.carbon_tasks.crawl_build_task -- rand_seed: 1619926430
2021-05-01 20:42:58,772 INFO     test_ai_mod.carbon_tasks.crawl_build_task -- test_wildcard: *
2021-05-01 20:42:58,772 INFO     test_ai_mod.carbon_tasks.crawl_build_task -- package: com.equinox.android
2021-05-01 20:42:58,773 INFO     test_ai_mod.carbon_tasks.crawl_build_task -- eyes_api_key: None
2021-05-01 20:42:58,773 INFO     test_ai_mod.carbon_tasks.crawl_build_task -- is_noop: False
2021-05-01 20:42:58,778 INFO     test_ai_mod.carbon_tasks.crawl_build_task -- created crawl, id: 20210501204258
2021-05-01 20:42:58,781 INFO     test_ai_mod.carbon_dao.local_carbon_dao -- Getting build info: APP_ID: 8e3f7530-76ee-45b7-9ff2-cf4a8c01c1c1, BUILD_ID: 7b802321-75bf-4bfe-8464-13cd344a222c
2021-05-01 20:42:58,785 INFO     test_ai_mod.carbon_dao.local_carbon_dao -- Getting build info: APP_ID: 8e3f7530-76ee-45b7-9ff2-cf4a8c01c1c1, BUILD_ID: 7b802321-75bf-4bfe-8464-13cd344a222c
2021-05-01 20:42:59,039 INFO     test_ai_mod.carbon_explore.explore -- using default extra walk count: 0
2021-05-01 20:42:59,048 INFO     test_ai_mod.carbon_tasks.crawl_build_task -- initiating walk [1/1]
2021-05-01 20:42:59,049 INFO     test_ai_mod.carbon_test_case.carbon_tests -- initial number of steps for walk: 25
2021-05-01 20:42:59,049 INFO     test_ai_mod.carbon_tasks.crawl_build_task -- effective_max_steps this walk: 26
2021-05-01 20:42:59,049 INFO     test_ai_mod.carbon_explore.explore -- **************************************************
2021-05-01 20:42:59,049 INFO     test_ai_mod.carbon_explore.explore -- **************************************************
2021-05-01 20:42:59,049 INFO     test_ai_mod.carbon_explore.explore -- *                                                *
2021-05-01 20:42:59,049 INFO     test_ai_mod.carbon_explore.explore -- *                   BRAIN                    *
2021-05-01 20:42:59,049 INFO     test_ai_mod.carbon_explore.explore -- *                                                *
2021-05-01 20:42:59,050 INFO     test_ai_mod.carbon_explore.explore -- **************************************************
2021-05-01 20:42:59,050 INFO     test_ai_mod.carbon_explore.explore -- **************************************************
2021-05-01 20:42:59,050 INFO     test_ai_mod.carbon_initialization.initialization -- Random seed: 1619926430
2021-05-01 20:42:59,051 INFO     test_ai_mod.carbon_initialization.initialization -- ````````````````````````````````````````````````````````````````````````````````
2021-05-01 20:42:59,051 INFO     test_ai_mod.carbon_initialization.initialization --                   PACKAGE: com.equinox.android
2021-05-01 20:42:59,051 INFO     test_ai_mod.carbon_initialization.initialization -- ````````````````````````````````````````````````````````````````````````````````
2021-05-01 20:42:59,051 INFO     test_ai_mod.carbon_initialization.initialization -- platform: ANDROID
2021-05-01 20:42:59,051 INFO     test_ai_mod.carbon_initialization.initialization -- using crawl_directory: /Users/bot/test_ai/apps/8e3f7530-76ee-45b7-9ff2-cf4a8c01c1c1/builds/7b802321-75bf-4bfe-8464-13cd344a222c/crawls/20210501204258
2021-05-01 20:42:59,052 INFO     test_ai_mod.carbon_botio.bot_io -- retrieving bot IO for app: 8e3f7530-76ee-45b7-9ff2-cf4a8c01c1c1
2021-05-01 20:42:59,052 INFO     test_ai_mod.carbon_botio.bot_io -- ^^^^^^^^^^^^^^^^^^^^^^^^^^^^^^^^^^^^^^^^^^^^^^^^^^^^^^^^^^^^^^^^^^^^^^^^^^^^^^^^
2021-05-01 20:42:59,052 INFO     test_ai_mod.carbon_botio.bot_io -- botio_filepath: /Users/bot/test_ai/apps/8e3f7530-76ee-45b7-9ff2-cf4a8c01c1c1/lkg/botio.json
2021-05-01 20:42:59,052 INFO     test_ai_mod.carbon_botio.bot_io -- use_snapshot: False
2021-05-01 20:42:59,052 INFO     test_ai_mod.carbon_botio.bot_io -- no botIO found for app: 8e3f7530-76ee-45b7-9ff2-cf4a8c01c1c1
2021-05-01 20:42:59,053 INFO     test_ai_mod.carbon_utils.carbon_data -- loading models from LKG dir
2021-05-01 20:42:59,053 INFO     test_ai_mod.carbon_utils.carbon_data -- loading models from LKG dir
2021-05-01 20:42:59,054 INFO     test_ai_mod.carbon_explore.test_hooks -- Test case is None, no need for on_setup.
2021-05-01 20:42:59,054 INFO     test_ai_mod.carbon_utils.simulator_tools -- preparing clean iteration state...
2021-05-01 20:43:06,923 INFO     test_ai_mod.carbon_automation.driver -- Screen density: 1.0
2021-05-01 20:43:06,924 INFO     test_ai_mod.carbon_utils.simulator_tools -- Launching app: com.equinox.android
2021-05-01 20:43:28,890 INFO     test_ai_mod.carbon_initialization.initialization -- starting dom stability
2021-05-01 20:43:29,320 INFO     test_ai_mod.carbon_actions.carbon_actions -- Got new page source
2021-05-01 20:43:30,020 INFO     test_ai_mod.carbon_actions.carbon_actions -- Got new page source
2021-05-01 20:43:30,402 INFO     test_ai_mod.carbon_actions.carbon_actions -- Got new page source
2021-05-01 20:43:30,869 INFO     test_ai_mod.carbon_actions.carbon_actions -- Got new page source
2021-05-01 20:43:31,367 INFO     test_ai_mod.carbon_actions.carbon_actions -- Got new page source
2021-05-01 20:43:31,367 INFO     test_ai_mod.carbon_actions.carbon_actions -- Seen the same screen the max amount (5)
2021-05-01 20:43:31,367 INFO     test_ai_mod.carbon_actions.carbon_actions -- incrementing source count to: 1
2021-05-01 20:43:31,367 INFO     test_ai_mod.carbon_explore.explore_utils -- saving screenshot
2021-05-01 20:43:36,092 INFO     test_ai_mod.carbon_explore.explore_utils -- scn_shot_file_path: /Users/bot/test_ai/apps/8e3f7530-76ee-45b7-9ff2-cf4a8c01c1c1/builds/7b802321-75bf-4bfe-8464-13cd344a222c/crawls/20210501204258/tmp/runtime_labeling_screen.png
2021-05-01 20:43:38,803 INFO     test_ai_mod.carbon_initialization.initialization -- current package sent in as: com.equinox.android
2021-05-01 20:43:38,804 INFO     test_ai_mod.carbon_initialization.initialization -- ended dom stability
2021-05-01 20:43:38,812 INFO     test_ai_mod.carbon_explore.explore -- package is set to: com.equinox.android
2021-05-01 20:43:38,812 INFO     test_ai_mod.carbon_explore.explore -- ********************************************************************************
2021-05-01 20:43:38,813 INFO     test_ai_mod.carbon_explore.explore -- * TIMEOUT: None
2021-05-01 20:43:38,813 INFO     test_ai_mod.carbon_explore.explore -- * disable_bounceback: False
2021-05-01 20:43:38,813 INFO     test_ai_mod.carbon_explore.explore -- ********************************************************************************
2021-05-01 20:43:38,813 INFO     test_ai_mod.carbon_explore.explore -- getting walk queue
2021-05-01 20:43:38,813 INFO     test_ai_mod.carbon_explore.explore_utils -- getting xml_src
2021-05-01 20:43:38,922 INFO     test_ai_mod.carbon_explore.explore_utils -- getting screen_elems
2021-05-01 20:43:38,926 INFO     test_ai_mod.carbon_explore.explore_utils -- filtering elems - 37
2021-05-01 20:43:38,926 INFO     test_ai_mod.carbon_explore.explore_utils -- saving info - 37
2021-05-01 20:43:38,927 INFO     test_ai_mod.carbon_explore.explore_utils -- saving core elems iter: 0, step 0, save_dir: /Users/bot/test_ai/apps/8e3f7530-76ee-45b7-9ff2-cf4a8c01c1c1/builds/7b802321-75bf-4bfe-8464-13cd344a222c/crawls/20210501204258
2021-05-01 20:43:38,935 INFO     test_ai_mod.carbon_explore.explore -- got all screen info saved
2021-05-01 20:43:38,936 INFO     test_ai_mod.carbon_explore.explore_utils -- saving core elems iter: 0, step 0, save_dir: /Users/bot/test_ai/apps/8e3f7530-76ee-45b7-9ff2-cf4a8c01c1c1/builds/7b802321-75bf-4bfe-8464-13cd344a222c/crawls/20210501204258
2021-05-01 20:43:38,951 INFO     test_ai_mod.carbon_explore.result_storage -- LOG FILE PATH: /Users/bot/test_ai/apps/8e3f7530-76ee-45b7-9ff2-cf4a8c01c1c1/builds/7b802321-75bf-4bfe-8464-13cd344a222c/crawls/20210501204258/iter_00000_step_00000_logs.txt
2021-05-01 20:43:38,952 INFO     test_ai_mod.carbon_explore.result_storage -- ALL LOGS FILE PATH: /Users/bot/test_ai/apps/8e3f7530-76ee-45b7-9ff2-cf4a8c01c1c1/builds/7b802321-75bf-4bfe-8464-13cd344a222c/crawls/20210501204258/iter_00000_step_-0001_logs.txt
2021-05-01 20:43:39,618 INFO     test_ai_mod.carbon_explore.interactive -- Interactive explore -- start_interactive_loop starting.
2021-05-01 20:43:39,629 INFO     test_ai_mod.carbon_explore.interactive -- Interactive explore -- running initial auto label
2021-05-01 20:43:39,629 INFO     test_ai_mod.carbon_tasks.process_crawl_task -- processing crawl: 20210501204258 (app: 8e3f7530-76ee-45b7-9ff2-cf4a8c01c1c1, build: 7b802321-75bf-4bfe-8464-13cd344a222c)
2021-05-01 20:43:39,629 INFO     test_ai_mod.carbon_tasks.process_crawl_task -- processing screens for crawl
2021-05-01 20:43:39,748 INFO     test_ai_mod.carbon_tasks.process_crawl_task -- writing unique screens file
2021-05-01 20:43:39,748 INFO     test_ai_mod.carbon_tasks.process_crawl_task -- writing screen hash map
2021-05-01 20:43:39,749 INFO     test_ai_mod.carbon_tasks.process_crawl_task -- writing screen similarity file
2021-05-01 20:43:39,750 INFO     test_ai_mod.carbon_tasks.process_crawl_task -- processing elements for crawl
2021-05-01 20:43:39,751 INFO     test_ai_mod.carbon_tasks.process_crawl_task -- processing: iter_00000_step_00000_info.json
2021-05-01 20:43:42,468 INFO     test_ai_mod.carbon_tasks.process_crawl_task -- Writing unique tags file.
2021-05-01 20:43:42,470 INFO     test_ai_mod.carbon_tasks.process_crawl_task -- writing unique elems file
2021-05-01 20:43:42,471 INFO     test_ai_mod.carbon_tasks.process_crawl_task -- writing elem hash map
2021-05-01 20:43:42,474 INFO     test_ai_mod.carbon_tasks.process_crawl_task -- writing elem similarity file
2021-05-01 20:43:42,475 INFO     test_ai_mod.carbon_tasks.process_crawl_task -- generating labeler objects file for crawl (v0)
2021-05-01 20:43:42,478 INFO     test_ai_mod.carbon_tasks.process_crawl_task -- reconciling screens labeled at runtime
2021-05-01 20:43:42,478 INFO     test_ai_mod.carbon_tasks.process_crawl_task -- reconciling elements labeled at runtime
2021-05-01 20:43:42,481 INFO     test_ai_mod.carbon_tasks.generate_auto_labels_task -- generating auto labels for crawl: 20210501204258, app_id: 8e3f7530-76ee-45b7-9ff2-cf4a8c01c1c1, build_id: 7b802321-75bf-4bfe-8464-13cd344a222c
2021-05-01 20:43:42,481 INFO     test_ai_mod.carbon_dao.local_carbon_dao -- Getting build info: APP_ID: 8e3f7530-76ee-45b7-9ff2-cf4a8c01c1c1, BUILD_ID: 7b802321-75bf-4bfe-8464-13cd344a222c
2021-05-01 20:43:42,485 INFO     test_ai_mod.carbon_dao.local_carbon_dao -- Getting build info: APP_ID: 8e3f7530-76ee-45b7-9ff2-cf4a8c01c1c1, BUILD_ID: 7b802321-75bf-4bfe-8464-13cd344a222c
2021-05-01 20:43:42,485 INFO     test_ai_mod.carbon_dao.local_carbon_dao -- Getting build info: APP_ID: 8e3f7530-76ee-45b7-9ff2-cf4a8c01c1c1, BUILD_ID: 7b802321-75bf-4bfe-8464-13cd344a222c
2021-05-01 20:43:42,503 INFO     test_ai_mod.carbon_dao.local_carbon_dao -- Getting build info: APP_ID: 8e3f7530-76ee-45b7-9ff2-cf4a8c01c1c1, BUILD_ID: 7b802321-75bf-4bfe-8464-13cd344a222c
2021-05-01 20:43:42,505 INFO     test_ai_mod.carbon_dao.local_carbon_dao -- Getting build info: APP_ID: 8e3f7530-76ee-45b7-9ff2-cf4a8c01c1c1, BUILD_ID: 7b802321-75bf-4bfe-8464-13cd344a222c
2021-05-01 20:43:42,506 INFO     test_ai_mod.carbon_dao.local_carbon_dao -- Getting build info: APP_ID: 8e3f7530-76ee-45b7-9ff2-cf4a8c01c1c1, BUILD_ID: 7b802321-75bf-4bfe-8464-13cd344a222c
2021-05-01 20:43:42,507 INFO     test_ai_mod.carbon_dao.local_carbon_dao -- Getting build info: APP_ID: 8e3f7530-76ee-45b7-9ff2-cf4a8c01c1c1, BUILD_ID: 7b802321-75bf-4bfe-8464-13cd344a222c
2021-05-01 20:43:42,595 INFO     test_ai_mod.carbon_tasks.generate_auto_labels_task -- writing merged, suggested labels to file: /Users/bot/test_ai/apps/8e3f7530-76ee-45b7-9ff2-cf4a8c01c1c1/builds/7b802321-75bf-4bfe-8464-13cd344a222c/crawls/20210501151446/labels/suggested_labels.json
2021-05-01 20:43:42,597 INFO     test_ai_mod.carbon_tasks.generate_auto_labels_task -- writing merged, suggested labels to file: /Users/bot/test_ai/apps/8e3f7530-76ee-45b7-9ff2-cf4a8c01c1c1/builds/7b802321-75bf-4bfe-8464-13cd344a222c/crawls/20210501203300/labels/suggested_labels.json
2021-05-01 20:43:42,598 INFO     test_ai_mod.carbon_tasks.generate_auto_labels_task -- writing merged, suggested labels to file: /Users/bot/test_ai/apps/8e3f7530-76ee-45b7-9ff2-cf4a8c01c1c1/builds/7b802321-75bf-4bfe-8464-13cd344a222c/crawls/20210501204258/labels/suggested_labels.json
2021-05-01 20:43:42,637 INFO     test_ai_mod.carbon_tasks.generate_auto_labels_task -- writing merged, suggested labels to file: /Users/bot/test_ai/apps/8e3f7530-76ee-45b7-9ff2-cf4a8c01c1c1/builds/7b802321-75bf-4bfe-8464-13cd344a222c/crawls/20210501151920/labels/suggested_labels.json
2021-05-01 20:43:42,637 INFO     test_ai_mod.carbon_tasks.generate_auto_labels_task -- writing merged, suggested labels to file: /Users/bot/test_ai/apps/8e3f7530-76ee-45b7-9ff2-cf4a8c01c1c1/builds/7b802321-75bf-4bfe-8464-13cd344a222c/crawls/20210501180948/labels/suggested_labels.json
2021-05-01 20:43:42,638 INFO     test_ai_mod.carbon_tasks.generate_auto_labels_task -- writing merged, suggested labels to file: /Users/bot/test_ai/apps/8e3f7530-76ee-45b7-9ff2-cf4a8c01c1c1/builds/7b802321-75bf-4bfe-8464-13cd344a222c/crawls/20210501203516/labels/suggested_labels.json
2021-05-01 20:43:42,657 INFO     test_ai_mod.carbon_tasks.generate_auto_labels_task -- writing applied hashes to labels to file: /Users/bot/test_ai/apps/8e3f7530-76ee-45b7-9ff2-cf4a8c01c1c1/lkg/hashes_to_labels.json
2021-05-01 20:43:42,657 INFO     test_ai_mod.carbon_tasks.generate_auto_labels_task -- writing applied human readable to labels to file: /Users/bot/test_ai/apps/8e3f7530-76ee-45b7-9ff2-cf4a8c01c1c1/lkg/human_readable_to_labels.json
2021-05-01 20:43:42,658 INFO     test_ai_mod.carbon_tasks.generate_auto_labels_task -- writing label to hash dicts to file: /Users/bot/test_ai/apps/8e3f7530-76ee-45b7-9ff2-cf4a8c01c1c1/lkg/label_to_hash_dicts.json
2021-05-01 20:43:42,658 INFO     test_ai_mod.carbon_tasks.generate_auto_labels_task -- writing human readable to paths to file: /Users/bot/test_ai/apps/8e3f7530-76ee-45b7-9ff2-cf4a8c01c1c1/lkg/human_readable_to_paths.json
2021-05-01 20:43:42,659 INFO     test_ai_mod.carbon_classifiers.label_classifier_pipe -- Begin loading configured modules
2021-05-01 20:43:42,659 INFO     test_ai_mod.carbon_classifiers.carbon_classifier_v1.screen_classifier -- Loading ScreenClassifier
2021-05-01 20:43:42,660 INFO     test_ai_mod.carbon_classifiers.template_matching.app_specific_template_matcher -- Loading AppSpecificTemplateMatcher
2021-05-01 20:43:42,660 INFO     test_ai_mod.carbon_classifiers.perceptual.nn_classifier -- Loading NNClassifier
2021-05-01 20:43:42,660 INFO     test_ai_mod.carbon_classifiers.template_matching.template_matching_classifier -- Loading TemplateMatchingClassifier
2021-05-01 20:43:42,660 WARNING  test_ai_mod.carbon_classifiers.template_matching.template_matching_classifier -- No template director exists at /Users/bot/test_ai/templates
2021-05-01 20:43:42,660 INFO     test_ai_mod.carbon_classifiers.http_classifier.http_classifier -- Loaded Http Classifier for ""
2021-05-01 20:43:42,660 INFO     test_ai_mod.carbon_tasks.generate_auto_labels_task -- classifying 1 unique screens
2021-05-01 20:43:42,661 INFO     test_ai_mod.carbon_utils.carbon_data -- loading models from LKG dir
2021-05-01 20:43:42,661 INFO     test_ai_mod.carbon_utils.carbon_data -- loading models from LKG dir
2021-05-01 20:43:42,662 INFO     test_ai_mod.carbon_classifiers.label_classifier_pipe -- Begin labeling elements
2021-05-01 20:43:42,676 INFO     test_ai_mod.carbon_classifiers.template_matching.app_specific_template_matcher -- Classifying screen with AppSpecificTemplateMatcher
2021-05-01 20:43:42,677 INFO     test_ai_mod.carbon_classifiers.perceptual.nn_classifier -- Classifying screen with NNClassifier
2021-05-01 20:43:42,720 INFO     test_ai_mod.carbon_classifiers.label_classifier_pipe -- End labeling elements: Time taken 0.057708978653 seconds
2021-05-01 20:43:42,720 INFO     test_ai_mod.carbon_tasks.generate_auto_labels_task -- classifying 37 unique elems
2021-05-01 20:43:42,723 INFO     test_ai_mod.carbon_utils.carbon_data -- loading models from LKG dir
2021-05-01 20:43:42,723 INFO     test_ai_mod.carbon_utils.carbon_data -- loading models from LKG dir
2021-05-01 20:43:42,723 INFO     test_ai_mod.carbon_classifiers.label_classifier_pipe -- Begin labeling elements
2021-05-01 20:43:42,735 INFO     test_ai_mod.carbon_classifiers.template_matching.app_specific_template_matcher -- Classifying screen with AppSpecificTemplateMatcher
2021-05-01 20:43:42,736 INFO     test_ai_mod.carbon_classifiers.perceptual.nn_classifier -- Classifying screen with NNClassifier
2021-05-01 20:43:43,202 INFO     test_ai_mod.carbon_classifiers.perceptual.nn_classifier -- elem classified: btn_sign_in, score: 1.0
2021-05-01 20:43:43,222 INFO     test_ai_mod.carbon_classifiers.label_classifier_pipe -- End labeling elements: Time taken 0.498589038849 seconds
2021-05-01 20:43:43,223 INFO     test_ai_mod.carbon_tasks.generate_auto_labels_task -- writing merged, suggested labels to file: /Users/bot/test_ai/apps/8e3f7530-76ee-45b7-9ff2-cf4a8c01c1c1/builds/7b802321-75bf-4bfe-8464-13cd344a222c/crawls/20210501204258/labels/suggested_labels.json
2021-05-01 20:43:43,224 INFO     test_ai_mod.carbon_explore.interactive -- 


[32;1mCarbon Interactive Crawling Session Starting...
Please make sure you are running the test.ai GUI (./test.ai -d).
Once the GUI is running, please visit [34mhttp://localhost:5000[32;1m.
To access the interactive session, select the correct app, and click on "Live Labeling".

[0m
2021-05-01 20:43:43,514 INFO     test_ai_mod.carbon_explore.interactive -- Interactive explore -- status -- start
2021-05-01 20:43:43,514 INFO     test_ai_mod.carbon_explore.interactive -- Interactive explore -- status -- end
2021-05-01 20:43:43,524 INFO     test_ai_mod.carbon_explore.interactive -- Interactive explore -- get_crawls(android, 8e3f7530-76ee-45b7-9ff2-cf4a8c01c1c1) -- start
2021-05-01 20:43:43,524 INFO     test_ai_mod.carbon_explore.interactive -- Interactive explore -- get_crawls(android, 8e3f7530-76ee-45b7-9ff2-cf4a8c01c1c1) -- end
2021-05-01 20:43:43,584 INFO     test_ai_mod.carbon_dao.local_carbon_dao -- Getting build info: APP_ID: 8e3f7530-76ee-45b7-9ff2-cf4a8c01c1c1, BUILD_ID: 7b802321-75bf-4bfe-8464-13cd344a222c
2021-05-01 20:43:43,624 INFO     test_ai_mod.carbon_explore.interactive -- Interactive explore -- get_labeler_objects -- start
2021-05-01 20:43:43,624 INFO     test_ai_mod.carbon_explore.interactive -- Interactive explore -- Processing crawl interactively 20210501204258
2021-05-01 20:43:43,624 INFO     test_ai_mod.carbon_tasks.process_crawl_task -- processing crawl: 20210501204258 (app: 8e3f7530-76ee-45b7-9ff2-cf4a8c01c1c1, build: 7b802321-75bf-4bfe-8464-13cd344a222c)
2021-05-01 20:43:43,624 INFO     test_ai_mod.carbon_tasks.process_crawl_task -- processing screens for crawl
2021-05-01 20:43:43,723 INFO     test_ai_mod.carbon_tasks.process_crawl_task -- writing unique screens file
2021-05-01 20:43:43,723 INFO     test_ai_mod.carbon_tasks.process_crawl_task -- writing screen hash map
2021-05-01 20:43:43,724 INFO     test_ai_mod.carbon_tasks.process_crawl_task -- writing screen similarity file
2021-05-01 20:43:43,724 INFO     test_ai_mod.carbon_tasks.process_crawl_task -- processing elements for crawl
2021-05-01 20:43:43,725 INFO     test_ai_mod.carbon_tasks.process_crawl_task -- skipping already processed: iter_00000_step_00000_info.json
2021-05-01 20:43:44,159 INFO     test_ai_mod.carbon_tasks.process_crawl_task -- Writing unique tags file.
2021-05-01 20:43:44,160 INFO     test_ai_mod.carbon_tasks.process_crawl_task -- writing unique elems file
2021-05-01 20:43:44,160 INFO     test_ai_mod.carbon_tasks.process_crawl_task -- writing elem hash map
2021-05-01 20:43:44,163 INFO     test_ai_mod.carbon_tasks.process_crawl_task -- writing elem similarity file
2021-05-01 20:43:44,164 INFO     test_ai_mod.carbon_tasks.process_crawl_task -- generating labeler objects file for crawl (v0)
2021-05-01 20:43:44,167 INFO     test_ai_mod.carbon_tasks.process_crawl_task -- reconciling screens labeled at runtime
2021-05-01 20:43:44,168 INFO     test_ai_mod.carbon_tasks.process_crawl_task -- reconciling elements labeled at runtime
2021-05-01 20:43:44,172 INFO     test_ai_mod.carbon_explore.interactive -- Interactive explore -- Generating labels using hash information 20210501204258
2021-05-01 20:43:44,175 INFO     test_ai_mod.carbon_explore.interactive -- Interactive explore -- get_labeler_objects -- end
2021-05-01 20:43:44,253 INFO     test_ai_mod.carbon_dao.local_carbon_dao -- Getting build info: APP_ID: 8e3f7530-76ee-45b7-9ff2-cf4a8c01c1c1, BUILD_ID: 7b802321-75bf-4bfe-8464-13cd344a222c
2021-05-01 20:43:44,264 INFO     test_ai_mod.carbon_dao.local_carbon_dao -- Getting build info: APP_ID: 8e3f7530-76ee-45b7-9ff2-cf4a8c01c1c1, BUILD_ID: 7b802321-75bf-4bfe-8464-13cd344a222c
2021-05-01 20:43:44,276 INFO     test_ai_mod.labeler.v1.crawls -- elem image requested, crawl: 20210501204258, filename: iter_00000_step_00000_35_android.widget.FrameLayout.png
2021-05-01 20:43:44,278 INFO     test_ai_mod.labeler.v1.crawls -- elem image requested, crawl: 20210501204258, filename: iter_00000_step_00000_29_android.widget.TextView.png
2021-05-01 20:43:44,280 INFO     test_ai_mod.labeler.v1.crawls -- elem image requested, crawl: 20210501204258, filename: iter_00000_step_00000_32_android.widget.TextView.png
2021-05-01 20:43:44,281 INFO     test_ai_mod.labeler.v1.crawls -- elem image requested, crawl: 20210501204258, filename: iter_00000_step_00000_23_android.view.ViewGroup.png
2021-05-01 20:43:44,282 INFO     test_ai_mod.labeler.v1.crawls -- elem image requested, crawl: 20210501204258, filename: iter_00000_step_00000_30_android.view.ViewGroup.png
2021-05-01 20:43:44,283 INFO     test_ai_mod.labeler.v1.crawls -- elem image requested, crawl: 20210501204258, filename: iter_00000_step_00000_26_android.widget.TextView.png
2021-05-01 20:43:44,284 INFO     test_ai_mod.carbon_dao.local_carbon_dao -- Getting build info: APP_ID: 8e3f7530-76ee-45b7-9ff2-cf4a8c01c1c1, BUILD_ID: 7b802321-75bf-4bfe-8464-13cd344a222c
2021-05-01 20:43:44,284 INFO     test_ai_mod.carbon_dao.local_carbon_dao -- Getting build info: APP_ID: 8e3f7530-76ee-45b7-9ff2-cf4a8c01c1c1, BUILD_ID: 7b802321-75bf-4bfe-8464-13cd344a222c
2021-05-01 20:43:44,284 INFO     test_ai_mod.carbon_dao.local_carbon_dao -- Getting build info: APP_ID: 8e3f7530-76ee-45b7-9ff2-cf4a8c01c1c1, BUILD_ID: 7b802321-75bf-4bfe-8464-13cd344a222c
2021-05-01 20:43:44,470 INFO     test_ai_mod.labeler.v1.crawls -- resolved to: /Users/bot/test_ai/apps/8e3f7530-76ee-45b7-9ff2-cf4a8c01c1c1/builds/7b802321-75bf-4bfe-8464-13cd344a222c/crawls/20210501204258/elems/iter_00000_step_00000_35_android.widget.FrameLayout.png
2021-05-01 20:43:44,470 INFO     test_ai_mod.carbon_dao.local_carbon_dao -- Getting build info: APP_ID: 8e3f7530-76ee-45b7-9ff2-cf4a8c01c1c1, BUILD_ID: 7b802321-75bf-4bfe-8464-13cd344a222c
2021-05-01 20:43:44,471 INFO     test_ai_mod.labeler.v1.crawls -- resolved to: /Users/bot/test_ai/apps/8e3f7530-76ee-45b7-9ff2-cf4a8c01c1c1/builds/7b802321-75bf-4bfe-8464-13cd344a222c/crawls/20210501204258/elems/iter_00000_step_00000_29_android.widget.TextView.png
2021-05-01 20:43:44,471 INFO     test_ai_mod.carbon_dao.local_carbon_dao -- Getting build info: APP_ID: 8e3f7530-76ee-45b7-9ff2-cf4a8c01c1c1, BUILD_ID: 7b802321-75bf-4bfe-8464-13cd344a222c
2021-05-01 20:43:44,472 INFO     test_ai_mod.labeler.v1.crawls -- resolved to: /Users/bot/test_ai/apps/8e3f7530-76ee-45b7-9ff2-cf4a8c01c1c1/builds/7b802321-75bf-4bfe-8464-13cd344a222c/crawls/20210501204258/elems/iter_00000_step_00000_32_android.widget.TextView.png
2021-05-01 20:43:44,474 INFO     test_ai_mod.carbon_dao.local_carbon_dao -- Getting build info: APP_ID: 8e3f7530-76ee-45b7-9ff2-cf4a8c01c1c1, BUILD_ID: 7b802321-75bf-4bfe-8464-13cd344a222c
2021-05-01 20:43:44,477 INFO     test_ai_mod.labeler.v1.crawls -- resolved to: /Users/bot/test_ai/apps/8e3f7530-76ee-45b7-9ff2-cf4a8c01c1c1/builds/7b802321-75bf-4bfe-8464-13cd344a222c/crawls/20210501204258/elems/iter_00000_step_00000_23_android.view.ViewGroup.png
2021-05-01 20:43:44,480 INFO     test_ai_mod.labeler.v1.crawls -- resolved to: /Users/bot/test_ai/apps/8e3f7530-76ee-45b7-9ff2-cf4a8c01c1c1/builds/7b802321-75bf-4bfe-8464-13cd344a222c/crawls/20210501204258/elems/iter_00000_step_00000_30_android.view.ViewGroup.png
2021-05-01 20:43:44,482 INFO     test_ai_mod.labeler.v1.crawls -- resolved to: /Users/bot/test_ai/apps/8e3f7530-76ee-45b7-9ff2-cf4a8c01c1c1/builds/7b802321-75bf-4bfe-8464-13cd344a222c/crawls/20210501204258/elems/iter_00000_step_00000_26_android.widget.TextView.png
2021-05-01 20:43:44,487 INFO     test_ai_mod.carbon_dao.local_carbon_dao -- Getting build info: APP_ID: 8e3f7530-76ee-45b7-9ff2-cf4a8c01c1c1, BUILD_ID: 7b802321-75bf-4bfe-8464-13cd344a222c
2021-05-01 20:43:44,491 INFO     test_ai_mod.labeler.v1.crawls -- elem image requested, crawl: 20210501204258, filename: iter_00000_step_00000_21_android.widget.ScrollView.png
2021-05-01 20:43:44,492 INFO     test_ai_mod.labeler.v1.crawls -- elem image requested, crawl: 20210501204258, filename: iter_00000_step_00000_25_android.widget.TextView.png
2021-05-01 20:43:44,493 INFO     test_ai_mod.labeler.v1.crawls -- elem image requested, crawl: 20210501204258, filename: iter_00000_step_00000_13_android.widget.FrameLayout.png
2021-05-01 20:43:44,502 INFO     test_ai_mod.labeler.v1.crawls -- elem image requested, crawl: 20210501204258, filename: iter_00000_step_00000_0_android.widget.FrameLayout.png
2021-05-01 20:43:44,505 INFO     test_ai_mod.labeler.v1.crawls -- elem image requested, crawl: 20210501204258, filename: iter_00000_step_00000_33_android.widget.TextView.png
2021-05-01 20:43:44,506 INFO     test_ai_mod.carbon_dao.local_carbon_dao -- Getting build info: APP_ID: 8e3f7530-76ee-45b7-9ff2-cf4a8c01c1c1, BUILD_ID: 7b802321-75bf-4bfe-8464-13cd344a222c
2021-05-01 20:43:44,506 INFO     test_ai_mod.carbon_dao.local_carbon_dao -- Getting build info: APP_ID: 8e3f7530-76ee-45b7-9ff2-cf4a8c01c1c1, BUILD_ID: 7b802321-75bf-4bfe-8464-13cd344a222c
2021-05-01 20:43:44,506 INFO     test_ai_mod.carbon_dao.local_carbon_dao -- Getting build info: APP_ID: 8e3f7530-76ee-45b7-9ff2-cf4a8c01c1c1, BUILD_ID: 7b802321-75bf-4bfe-8464-13cd344a222c
2021-05-01 20:43:44,507 INFO     test_ai_mod.carbon_dao.local_carbon_dao -- Getting build info: APP_ID: 8e3f7530-76ee-45b7-9ff2-cf4a8c01c1c1, BUILD_ID: 7b802321-75bf-4bfe-8464-13cd344a222c
2021-05-01 20:43:44,508 INFO     test_ai_mod.labeler.v1.crawls -- resolved to: /Users/bot/test_ai/apps/8e3f7530-76ee-45b7-9ff2-cf4a8c01c1c1/builds/7b802321-75bf-4bfe-8464-13cd344a222c/crawls/20210501204258/elems/iter_00000_step_00000_13_android.widget.FrameLayout.png
2021-05-01 20:43:44,508 INFO     test_ai_mod.labeler.v1.crawls -- resolved to: /Users/bot/test_ai/apps/8e3f7530-76ee-45b7-9ff2-cf4a8c01c1c1/builds/7b802321-75bf-4bfe-8464-13cd344a222c/crawls/20210501204258/elems/iter_00000_step_00000_0_android.widget.FrameLayout.png
2021-05-01 20:43:44,509 INFO     test_ai_mod.labeler.v1.crawls -- resolved to: /Users/bot/test_ai/apps/8e3f7530-76ee-45b7-9ff2-cf4a8c01c1c1/builds/7b802321-75bf-4bfe-8464-13cd344a222c/crawls/20210501204258/elems/iter_00000_step_00000_25_android.widget.TextView.png
2021-05-01 20:43:44,509 INFO     test_ai_mod.labeler.v1.crawls -- resolved to: /Users/bot/test_ai/apps/8e3f7530-76ee-45b7-9ff2-cf4a8c01c1c1/builds/7b802321-75bf-4bfe-8464-13cd344a222c/crawls/20210501204258/elems/iter_00000_step_00000_21_android.widget.ScrollView.png
2021-05-01 20:43:44,509 INFO     test_ai_mod.carbon_dao.local_carbon_dao -- Getting build info: APP_ID: 8e3f7530-76ee-45b7-9ff2-cf4a8c01c1c1, BUILD_ID: 7b802321-75bf-4bfe-8464-13cd344a222c
2021-05-01 20:43:44,580 INFO     test_ai_mod.labeler.v1.crawls -- resolved to: /Users/bot/test_ai/apps/8e3f7530-76ee-45b7-9ff2-cf4a8c01c1c1/builds/7b802321-75bf-4bfe-8464-13cd344a222c/crawls/20210501204258/elems/iter_00000_step_00000_33_android.widget.TextView.png
2021-05-01 20:43:44,586 INFO     test_ai_mod.labeler.v1.crawls -- elem image requested, crawl: 20210501204258, filename: iter_00000_step_00000_34_android.widget.TextView.png
2021-05-01 20:43:44,604 INFO     test_ai_mod.carbon_dao.local_carbon_dao -- Getting build info: APP_ID: 8e3f7530-76ee-45b7-9ff2-cf4a8c01c1c1, BUILD_ID: 7b802321-75bf-4bfe-8464-13cd344a222c
2021-05-01 20:43:44,605 INFO     test_ai_mod.labeler.v1.crawls -- resolved to: /Users/bot/test_ai/apps/8e3f7530-76ee-45b7-9ff2-cf4a8c01c1c1/builds/7b802321-75bf-4bfe-8464-13cd344a222c/crawls/20210501204258/elems/iter_00000_step_00000_34_android.widget.TextView.png
2021-05-01 20:43:44,607 INFO     test_ai_mod.labeler.v1.crawls -- elem image requested, crawl: 20210501204258, filename: iter_00000_step_00000_28_android.view.ViewGroup.png
2021-05-01 20:43:44,610 INFO     test_ai_mod.carbon_dao.local_carbon_dao -- Getting build info: APP_ID: 8e3f7530-76ee-45b7-9ff2-cf4a8c01c1c1, BUILD_ID: 7b802321-75bf-4bfe-8464-13cd344a222c
2021-05-01 20:43:44,611 INFO     test_ai_mod.labeler.v1.crawls -- resolved to: /Users/bot/test_ai/apps/8e3f7530-76ee-45b7-9ff2-cf4a8c01c1c1/builds/7b802321-75bf-4bfe-8464-13cd344a222c/crawls/20210501204258/elems/iter_00000_step_00000_28_android.view.ViewGroup.png
2021-05-01 20:43:44,612 INFO     test_ai_mod.labeler.v1.crawls -- elem image requested, crawl: 20210501204258, filename: iter_00000_step_00000_36_android.view.View.png
2021-05-01 20:43:44,617 INFO     test_ai_mod.carbon_dao.local_carbon_dao -- Getting build info: APP_ID: 8e3f7530-76ee-45b7-9ff2-cf4a8c01c1c1, BUILD_ID: 7b802321-75bf-4bfe-8464-13cd344a222c
2021-05-01 20:43:44,618 INFO     test_ai_mod.labeler.v1.crawls -- resolved to: /Users/bot/test_ai/apps/8e3f7530-76ee-45b7-9ff2-cf4a8c01c1c1/builds/7b802321-75bf-4bfe-8464-13cd344a222c/crawls/20210501204258/elems/iter_00000_step_00000_36_android.view.View.png
2021-05-01 20:43:44,620 INFO     test_ai_mod.labeler.v1.crawls -- elem image requested, crawl: 20210501204258, filename: iter_00000_step_00000_31_android.view.ViewGroup.png
2021-05-01 20:43:44,641 INFO     test_ai_mod.labeler.v1.crawls -- elem image requested, crawl: 20210501204258, filename: iter_00000_step_00000_10_android.view.ViewGroup.png
2021-05-01 20:43:44,682 INFO     test_ai_mod.labeler.v1.crawls -- elem image requested, crawl: 20210501204258, filename: iter_00000_step_00000_24_android.view.ViewGroup.png
2021-05-01 20:43:44,682 INFO     test_ai_mod.labeler.v1.crawls -- elem image requested, crawl: 20210501204258, filename: iter_00000_step_00000_12_android.view.ViewGroup.png
2021-05-01 20:43:44,683 INFO     test_ai_mod.labeler.v1.crawls -- elem image requested, crawl: 20210501204258, filename: iter_00000_step_00000_27_android.view.ViewGroup.png
2021-05-01 20:43:44,709 INFO     test_ai_mod.carbon_dao.local_carbon_dao -- Getting build info: APP_ID: 8e3f7530-76ee-45b7-9ff2-cf4a8c01c1c1, BUILD_ID: 7b802321-75bf-4bfe-8464-13cd344a222c
2021-05-01 20:43:44,710 INFO     test_ai_mod.carbon_dao.local_carbon_dao -- Getting build info: APP_ID: 8e3f7530-76ee-45b7-9ff2-cf4a8c01c1c1, BUILD_ID: 7b802321-75bf-4bfe-8464-13cd344a222c
2021-05-01 20:43:44,710 INFO     test_ai_mod.carbon_dao.local_carbon_dao -- Getting build info: APP_ID: 8e3f7530-76ee-45b7-9ff2-cf4a8c01c1c1, BUILD_ID: 7b802321-75bf-4bfe-8464-13cd344a222c
2021-05-01 20:43:44,712 INFO     test_ai_mod.labeler.v1.crawls -- elem image requested, crawl: 20210501204258, filename: iter_00000_step_00000_18_android.view.View.png
2021-05-01 20:43:44,712 INFO     test_ai_mod.labeler.v1.crawls -- resolved to: /Users/bot/test_ai/apps/8e3f7530-76ee-45b7-9ff2-cf4a8c01c1c1/builds/7b802321-75bf-4bfe-8464-13cd344a222c/crawls/20210501204258/elems/iter_00000_step_00000_24_android.view.ViewGroup.png
2021-05-01 20:43:44,712 INFO     test_ai_mod.carbon_dao.local_carbon_dao -- Getting build info: APP_ID: 8e3f7530-76ee-45b7-9ff2-cf4a8c01c1c1, BUILD_ID: 7b802321-75bf-4bfe-8464-13cd344a222c
2021-05-01 20:43:44,712 INFO     test_ai_mod.carbon_dao.local_carbon_dao -- Getting build info: APP_ID: 8e3f7530-76ee-45b7-9ff2-cf4a8c01c1c1, BUILD_ID: 7b802321-75bf-4bfe-8464-13cd344a222c
2021-05-01 20:43:44,714 INFO     test_ai_mod.labeler.v1.crawls -- resolved to: /Users/bot/test_ai/apps/8e3f7530-76ee-45b7-9ff2-cf4a8c01c1c1/builds/7b802321-75bf-4bfe-8464-13cd344a222c/crawls/20210501204258/elems/iter_00000_step_00000_10_android.view.ViewGroup.png
2021-05-01 20:43:44,714 INFO     test_ai_mod.labeler.v1.crawls -- resolved to: /Users/bot/test_ai/apps/8e3f7530-76ee-45b7-9ff2-cf4a8c01c1c1/builds/7b802321-75bf-4bfe-8464-13cd344a222c/crawls/20210501204258/elems/iter_00000_step_00000_12_android.view.ViewGroup.png
2021-05-01 20:43:44,715 INFO     test_ai_mod.carbon_dao.local_carbon_dao -- Getting build info: APP_ID: 8e3f7530-76ee-45b7-9ff2-cf4a8c01c1c1, BUILD_ID: 7b802321-75bf-4bfe-8464-13cd344a222c
2021-05-01 20:43:44,717 INFO     test_ai_mod.labeler.v1.crawls -- elem image requested, crawl: 20210501204258, filename: iter_00000_step_00000_1_android.widget.LinearLayout.png
2021-05-01 20:43:44,727 INFO     test_ai_mod.labeler.v1.crawls -- resolved to: /Users/bot/test_ai/apps/8e3f7530-76ee-45b7-9ff2-cf4a8c01c1c1/builds/7b802321-75bf-4bfe-8464-13cd344a222c/crawls/20210501204258/elems/iter_00000_step_00000_31_android.view.ViewGroup.png
2021-05-01 20:43:44,730 INFO     test_ai_mod.labeler.v1.crawls -- resolved to: /Users/bot/test_ai/apps/8e3f7530-76ee-45b7-9ff2-cf4a8c01c1c1/builds/7b802321-75bf-4bfe-8464-13cd344a222c/crawls/20210501204258/elems/iter_00000_step_00000_27_android.view.ViewGroup.png
2021-05-01 20:43:44,776 INFO     test_ai_mod.labeler.v1.crawls -- resolved to: /Users/bot/test_ai/apps/8e3f7530-76ee-45b7-9ff2-cf4a8c01c1c1/builds/7b802321-75bf-4bfe-8464-13cd344a222c/crawls/20210501204258/elems/iter_00000_step_00000_18_android.view.View.png
2021-05-01 20:43:44,779 INFO     test_ai_mod.carbon_dao.local_carbon_dao -- Getting build info: APP_ID: 8e3f7530-76ee-45b7-9ff2-cf4a8c01c1c1, BUILD_ID: 7b802321-75bf-4bfe-8464-13cd344a222c
2021-05-01 20:43:44,853 INFO     test_ai_mod.labeler.v1.crawls -- resolved to: /Users/bot/test_ai/apps/8e3f7530-76ee-45b7-9ff2-cf4a8c01c1c1/builds/7b802321-75bf-4bfe-8464-13cd344a222c/crawls/20210501204258/elems/iter_00000_step_00000_1_android.widget.LinearLayout.png
2021-05-01 20:43:48,289 INFO     test_ai_mod.labeler.v1.crawls -- elem image requested, crawl: 20210501204258, filename: iter_00000_step_00000_screenshot.png
2021-05-01 20:43:48,291 INFO     test_ai_mod.carbon_dao.local_carbon_dao -- Getting build info: APP_ID: 8e3f7530-76ee-45b7-9ff2-cf4a8c01c1c1, BUILD_ID: 7b802321-75bf-4bfe-8464-13cd344a222c
2021-05-01 20:43:48,292 INFO     test_ai_mod.labeler.v1.crawls -- resolved to: /Users/bot/test_ai/apps/8e3f7530-76ee-45b7-9ff2-cf4a8c01c1c1/builds/7b802321-75bf-4bfe-8464-13cd344a222c/crawls/20210501204258/screens/iter_00000_step_00000_screenshot.png
2021-05-01 20:43:57,696 INFO     test_ai_mod.carbon_explore.interactive -- Interactive explore -- run_step -- start
2021-05-01 20:43:57,697 INFO     test_ai_mod.carbon_explore.interactive -- Interactive explore -- get labels for crawl 20210501204258
2021-05-01 20:43:57,698 INFO     test_ai_mod.carbon_dao.local_carbon_dao -- Getting build info: APP_ID: 8e3f7530-76ee-45b7-9ff2-cf4a8c01c1c1, BUILD_ID: 7b802321-75bf-4bfe-8464-13cd344a222c
2021-05-01 20:43:57,699 INFO     test_ai_mod.carbon_explore.interactive -- Interactive explore -- get labeler objects for crawl 20210501204258
2021-05-01 20:43:57,701 INFO     test_ai_mod.carbon_explore.interactive -- Interactive explore -- Executing interactive step for crawl 20210501204258
2021-05-01 20:43:57,702 INFO     test_ai_mod.carbon_explore.explore_hook -- Explore hook -- perform_test_step starting.
2021-05-01 20:43:57,704 INFO     test_ai_mod.carbon_explore.explore_hook -- Explore hook -- _get_screen_info_hook starting.
2021-05-01 20:43:57,704 INFO     test_ai_mod.carbon_explore.explore_utils -- saving screenshot
2021-05-01 20:43:57,710 INFO     test_ai_mod.carbon_dao.local_carbon_dao -- Getting build info: APP_ID: 8e3f7530-76ee-45b7-9ff2-cf4a8c01c1c1, BUILD_ID: 7b802321-75bf-4bfe-8464-13cd344a222c
2021-05-01 20:43:57,711 INFO     test_ai_mod.labeler.v1.tests -- tests_info:{u'01 Explore "For You"': {'temp_id': u'b8d9fb26-aacc-11eb-88a5-f01898f25f2e', 'tags': [], 'title': u'01 Explore "For You"', 'steps': [{u'widget': u'default', u'grep': '', u'description': u'Test Run Only for tap action', u'continue_on_failure': False, u'labels': [u'btn_sign_in'], u'label_count': None, u'grep_count': None, u'input': u'tap', u'run_only_if_label_present': True, u'type': u'action'}, {u'widget': u'default', u'grep': '', u'description': u'Signs into Equinox app and tests Continue on Failure', u'continue_on_failure': True, u'labels': [u'btn_sign_in'], u'label_count': None, u'grep_count': None, u'input': u'tap', u'run_only_if_label_present': False, u'type': u'action'}, {u'widget': u'default', u'grep': u'', u'description': u'Tests Continue on Failure for Verify action', u'continue_on_failure': True, u'labels': [u'img_stretches_for_cycling'], u'label_count': None, u'grep_count': None, u'input': u'', u'run_only_if_label_present': False, u'type': u'verification'}, {u'widget': u'default', u'grep': '', u'description': u'Tests Run Only for Swipe Up action', u'continue_on_failure': False, u'labels': [u'icn_user_profile'], u'label_count': None, u'grep_count': None, u'input': u'swipe_up', u'run_only_if_label_present': True, u'type': u'action'}, {u'widget': u'default', u'grep': '', u'description': u'Tests Continue On Failure for Swipe Up action', u'continue_on_failure': True, u'labels': [], u'label_count': None, u'grep_count': None, u'input': u'swipe_up', u'run_only_if_label_present': False, u'type': u'action'}, {u'widget': u'default', u'grep': '', u'description': u'', u'continue_on_failure': False, u'labels': [], u'label_count': None, u'grep_count': None, u'input': u'swipe_up', u'run_only_if_label_present': False, u'type': u'action'}, {u'widget': u'default', u'grep': u'', u'description': u'tests continue on failure for Verify action', u'continue_on_failure': True, u'labels': [u'icn_user_profile'], u'label_count': None, u'grep_count': None, u'input': u'', u'run_only_if_label_present': False, u'type': u'verification'}, {u'widget': u'default', u'grep': '', u'description': u'Tests Run Only for Swipe Down action', u'continue_on_failure': False, u'labels': [u'txt_try_new_workout_types'], u'label_count': None, u'grep_count': None, u'input': u'swipe_down', u'run_only_if_label_present': True, u'type': u'action'}, {u'widget': u'default', u'grep': '', u'description': u'Tests Continue on Failure for Swipe Down Action', u'continue_on_failure': True, u'labels': [u'txt_try_new_workout_types'], u'label_count': None, u'grep_count': None, u'input': u'swipe_down', u'run_only_if_label_present': False, u'type': u'action'}, {u'widget': u'default', u'grep': u'', u'description': u'Tests Continue On Failure for Wait action', u'continue_on_failure': True, u'labels': [u'txt_completed_class_11_30_20'], u'label_count': None, u'grep_count': None, u'timeout': u'20', u'input': u'', u'run_only_if_label_present': False, u'type': u'wait_for_label'}], 'is_deactivated': False, 'description': u''}}
2021-05-01 20:43:57,824 INFO     test_ai_mod.carbon_dao.local_carbon_dao -- Getting build info: APP_ID: 8e3f7530-76ee-45b7-9ff2-cf4a8c01c1c1, BUILD_ID: 7b802321-75bf-4bfe-8464-13cd344a222c
2021-05-01 20:43:58,530 INFO     test_ai_mod.carbon_explore.interactive -- Interactive explore -- status -- start
2021-05-01 20:43:58,531 INFO     test_ai_mod.carbon_explore.interactive -- Interactive explore -- status -- end
2021-05-01 20:44:04,939 INFO     test_ai_mod.carbon_explore.explore_utils -- scn_shot_file_path: /Users/bot/test_ai/apps/8e3f7530-76ee-45b7-9ff2-cf4a8c01c1c1/builds/7b802321-75bf-4bfe-8464-13cd344a222c/crawls/20210501204258/tmp/runtime_labeling_screen.png
2021-05-01 20:44:04,940 INFO     test_ai_mod.carbon_explore.explore_utils -- getting xml_src
2021-05-01 20:44:05,409 INFO     test_ai_mod.carbon_explore.explore_utils -- getting screen_elems
2021-05-01 20:44:05,415 INFO     test_ai_mod.carbon_explore.explore_utils -- filtering elems - 37
2021-05-01 20:44:05,415 INFO     test_ai_mod.carbon_explore.explore_utils -- saving info - 37
2021-05-01 20:44:05,416 INFO     test_ai_mod.carbon_explore.explore_utils -- saving core elems iter: 0, step 1, save_dir: /Users/bot/test_ai/apps/8e3f7530-76ee-45b7-9ff2-cf4a8c01c1c1/builds/7b802321-75bf-4bfe-8464-13cd344a222c/crawls/20210501204258
2021-05-01 20:44:05,424 INFO     test_ai_mod.carbon_explore.explore_hook -- Explore hook -- _get_screen_info_hook completed.
2021-05-01 20:44:05,425 INFO     test_ai_mod.carbon_explore.explore_hook -- Explore hook -- _get_labels_for_screen starting on [].
2021-05-01 20:44:05,425 INFO     test_ai_mod.carbon_explore.explore_hook -- Explore hook -- Found labels: {'elem_labels': [], 'all_labels': [], 'screen_labels': []}
2021-05-01 20:44:05,425 INFO     test_ai_mod.carbon_explore.explore_hook -- Explore hook -- get_labels_for_screen completed.
2021-05-01 20:44:05,427 INFO     test_ai_mod.carbon_explore.explore_hook -- saving step
2021-05-01 20:44:05,427 INFO     test_ai_mod.carbon_explore.explore_utils -- saving core elems iter: 0, step 1, save_dir: /Users/bot/test_ai/apps/8e3f7530-76ee-45b7-9ff2-cf4a8c01c1c1/builds/7b802321-75bf-4bfe-8464-13cd344a222c/crawls/20210501204258
2021-05-01 20:44:05,451 INFO     test_ai_mod.carbon_explore.result_storage -- LOG FILE PATH: /Users/bot/test_ai/apps/8e3f7530-76ee-45b7-9ff2-cf4a8c01c1c1/builds/7b802321-75bf-4bfe-8464-13cd344a222c/crawls/20210501204258/iter_00000_step_00001_logs.txt
2021-05-01 20:44:05,451 INFO     test_ai_mod.carbon_explore.result_storage -- ALL LOGS FILE PATH: /Users/bot/test_ai/apps/8e3f7530-76ee-45b7-9ff2-cf4a8c01c1c1/builds/7b802321-75bf-4bfe-8464-13cd344a222c/crawls/20210501204258/iter_00000_step_-0001_logs.txt
2021-05-01 20:44:05,829 INFO     test_ai_mod.carbon_explore.explore_hook -- step saved
2021-05-01 20:44:05,829 INFO     test_ai_mod.carbon_explore.explore_hook -- Explore hook -- _perform_element_action starting.
2021-05-01 20:44:05,830 INFO     test_ai_mod.carbon_utils.action_utils -- action: Tap
2021-05-01 20:44:05,830 INFO     test_ai_mod.carbon_utils.action_utils --    got action_elem: {'hash': 'ATUjcqj+Y29FFtyOGAOSiw==\n', 'index': '0', 'text': u'Sign in with Variis', 'long-clickable': False, 'height': 61, 'is_transformed': True, 'focused': False, 'clickable': False, 'human_hash': 'android.widget.TextView_X383_Y1700_W315_H61', 'checkable': False, 'password': False, 'hier_level': 18, 'scrollable': False, 'checked': False, 'selected': False, 'enabled': True, 'bounds': '[383,1700][698,1761]', 'class': 'android.widget.TextView', 'width': 315, 'tag_name': 'android.widget.TextView', 'focusable': False, 'y': 1700, 'x': 383}
2021-05-01 20:44:05,830 INFO     test_ai_mod.carbon_utils.action_utils --    sending action_elem: {'hash': 'ATUjcqj+Y29FFtyOGAOSiw==\n', 'index': '0', 'text': u'Sign in with Variis', 'long-clickable': False, 'height': 61, 'is_transformed': True, 'focused': False, 'clickable': False, 'human_hash': 'android.widget.TextView_X383_Y1700_W315_H61', 'checkable': False, 'password': False, 'hier_level': 18, 'scrollable': False, 'checked': False, 'selected': False, 'enabled': True, 'bounds': '[383,1700][698,1761]', 'class': 'android.widget.TextView', 'width': 315, 'tag_name': 'android.widget.TextView', 'focusable': False, 'y': 1700, 'x': 383}
2021-05-01 20:44:06,065 INFO     test_ai_mod.carbon_utils.action_utils --    sending cx: 540 cy: 1730
2021-05-01 20:44:06,066 INFO     test_ai_mod.carbon_automation.driver -- Issuing a regular click
2021-05-01 20:44:09,783 INFO     test_ai_mod.carbon_explore.explore -- DOM stability timing: pre
2021-05-01 20:44:10,422 INFO     test_ai_mod.carbon_actions.carbon_actions -- Got new page source
2021-05-01 20:44:11,059 INFO     test_ai_mod.carbon_actions.carbon_actions -- Got new page source
2021-05-01 20:44:12,571 INFO     test_ai_mod.carbon_actions.carbon_actions -- Got new page source
2021-05-01 20:44:13,514 INFO     test_ai_mod.carbon_explore.interactive -- Interactive explore -- status -- start
2021-05-01 20:44:13,514 INFO     test_ai_mod.carbon_explore.interactive -- Interactive explore -- status -- end
2021-05-01 20:44:13,953 INFO     test_ai_mod.carbon_actions.carbon_actions -- Got new page source
2021-05-01 20:44:14,735 INFO     test_ai_mod.carbon_actions.carbon_actions -- Got new page source
2021-05-01 20:44:15,333 INFO     test_ai_mod.carbon_actions.carbon_actions -- Got new page source
2021-05-01 20:44:16,030 INFO     test_ai_mod.carbon_actions.carbon_actions -- Got new page source
2021-05-01 20:44:16,661 INFO     test_ai_mod.carbon_actions.carbon_actions -- Got new page source
2021-05-01 20:44:16,661 INFO     test_ai_mod.carbon_actions.carbon_actions -- Seen the same screen the max amount (5)
2021-05-01 20:44:16,661 INFO     test_ai_mod.carbon_actions.carbon_actions -- sources aren't equal, clearing
2021-05-01 20:44:16,661 INFO     test_ai_mod.carbon_explore.explore_utils -- saving screenshot
2021-05-01 20:44:18,273 INFO     test_ai_mod.carbon_explore.explore_utils -- scn_shot_file_path: /Users/bot/test_ai/apps/8e3f7530-76ee-45b7-9ff2-cf4a8c01c1c1/builds/7b802321-75bf-4bfe-8464-13cd344a222c/crawls/20210501204258/tmp/runtime_labeling_screen.png
2021-05-01 20:44:18,677 INFO     test_ai_mod.carbon_explore.explore_hook -- Explore hook -- perform_element_action completed.
2021-05-01 20:44:18,678 INFO     test_ai_mod.carbon_explore.explore_hook -- Explore hook -- perform_test_step completed.
2021-05-01 20:44:18,678 INFO     test_ai_mod.carbon_explore.interactive -- Interactive explore -- Getting screen info for crawl 20210501204258
2021-05-01 20:44:18,678 INFO     test_ai_mod.carbon_explore.explore_hook -- Explore hook -- perform_test_step starting.
2021-05-01 20:44:18,678 INFO     test_ai_mod.carbon_explore.explore_hook -- Explore hook -- _get_screen_info_hook starting.
2021-05-01 20:44:18,678 INFO     test_ai_mod.carbon_explore.explore_utils -- saving screenshot
2021-05-01 20:44:19,708 INFO     test_ai_mod.carbon_explore.explore_utils -- scn_shot_file_path: /Users/bot/test_ai/apps/8e3f7530-76ee-45b7-9ff2-cf4a8c01c1c1/builds/7b802321-75bf-4bfe-8464-13cd344a222c/crawls/20210501204258/tmp/runtime_labeling_screen.png
2021-05-01 20:44:19,709 INFO     test_ai_mod.carbon_explore.explore_utils -- getting xml_src
2021-05-01 20:44:20,170 INFO     test_ai_mod.carbon_explore.explore_utils -- getting screen_elems
2021-05-01 20:44:20,179 INFO     test_ai_mod.carbon_explore.explore_utils -- filtering elems - 60
2021-05-01 20:44:20,180 INFO     test_ai_mod.carbon_explore.explore_utils -- saving info - 60
2021-05-01 20:44:20,181 INFO     test_ai_mod.carbon_explore.explore_utils -- saving core elems iter: 0, step 2, save_dir: /Users/bot/test_ai/apps/8e3f7530-76ee-45b7-9ff2-cf4a8c01c1c1/builds/7b802321-75bf-4bfe-8464-13cd344a222c/crawls/20210501204258
2021-05-01 20:44:20,191 INFO     test_ai_mod.carbon_explore.explore_hook -- Explore hook -- _get_screen_info_hook completed.
2021-05-01 20:44:20,191 INFO     test_ai_mod.carbon_explore.explore_hook -- Explore hook -- _get_labels_for_screen starting on [].
2021-05-01 20:44:20,192 INFO     test_ai_mod.carbon_explore.explore_hook -- Explore hook -- Found labels: {'elem_labels': [], 'all_labels': [], 'screen_labels': []}
2021-05-01 20:44:20,192 INFO     test_ai_mod.carbon_explore.explore_hook -- Explore hook -- get_labels_for_screen completed.
2021-05-01 20:44:20,192 INFO     test_ai_mod.carbon_explore.explore_hook -- saving step
2021-05-01 20:44:20,202 INFO     test_ai_mod.carbon_explore.explore_utils -- saving core elems iter: 0, step 2, save_dir: /Users/bot/test_ai/apps/8e3f7530-76ee-45b7-9ff2-cf4a8c01c1c1/builds/7b802321-75bf-4bfe-8464-13cd344a222c/crawls/20210501204258
2021-05-01 20:44:20,222 INFO     test_ai_mod.carbon_explore.result_storage -- LOG FILE PATH: /Users/bot/test_ai/apps/8e3f7530-76ee-45b7-9ff2-cf4a8c01c1c1/builds/7b802321-75bf-4bfe-8464-13cd344a222c/crawls/20210501204258/iter_00000_step_00002_logs.txt
2021-05-01 20:44:20,222 INFO     test_ai_mod.carbon_explore.result_storage -- ALL LOGS FILE PATH: /Users/bot/test_ai/apps/8e3f7530-76ee-45b7-9ff2-cf4a8c01c1c1/builds/7b802321-75bf-4bfe-8464-13cd344a222c/crawls/20210501204258/iter_00000_step_-0001_logs.txt
2021-05-01 20:44:20,482 INFO     test_ai_mod.carbon_explore.explore_hook -- step saved
2021-05-01 20:44:20,482 INFO     test_ai_mod.carbon_explore.explore_hook -- Explore hook -- _perform_element_action starting.
2021-05-01 20:44:20,483 INFO     test_ai_mod.carbon_explore.explore_hook -- Explore hook -- perform_element_action completed.
2021-05-01 20:44:20,483 INFO     test_ai_mod.carbon_explore.explore_hook -- Explore hook -- perform_test_step completed.
2021-05-01 20:44:20,483 INFO     test_ai_mod.carbon_explore.interactive -- Interactive explore -- Get labeler objects for crawl 20210501204258
2021-05-01 20:44:20,484 INFO     test_ai_mod.carbon_explore.interactive -- Interactive explore -- get_labeler_objects -- start
2021-05-01 20:44:20,485 INFO     test_ai_mod.carbon_explore.interactive -- Interactive explore -- Processing crawl interactively 20210501204258
2021-05-01 20:44:20,485 INFO     test_ai_mod.carbon_tasks.process_crawl_task -- processing crawl: 20210501204258 (app: 8e3f7530-76ee-45b7-9ff2-cf4a8c01c1c1, build: 7b802321-75bf-4bfe-8464-13cd344a222c)
2021-05-01 20:44:20,502 INFO     test_ai_mod.carbon_tasks.process_crawl_task -- processing screens for crawl
2021-05-01 20:44:20,599 INFO     test_ai_mod.carbon_tasks.process_crawl_task -- writing unique screens file
2021-05-01 20:44:20,600 INFO     test_ai_mod.carbon_tasks.process_crawl_task -- writing screen hash map
2021-05-01 20:44:20,605 INFO     test_ai_mod.carbon_tasks.process_crawl_task -- writing screen similarity file
2021-05-01 20:44:20,606 INFO     test_ai_mod.carbon_tasks.process_crawl_task -- processing elements for crawl
2021-05-01 20:44:20,608 INFO     test_ai_mod.carbon_tasks.process_crawl_task -- processing: iter_00000_step_00002_info.json
2021-05-01 20:44:20,624 INFO     test_ai_mod.carbon_tasks.process_crawl_task -- processing: iter_00000_step_00001_info.json
2021-05-01 20:44:20,634 INFO     test_ai_mod.carbon_tasks.process_crawl_task -- skipping already processed: iter_00000_step_00000_info.json
2021-05-01 20:44:24,362 INFO     test_ai_mod.carbon_tasks.process_crawl_task -- Writing unique tags file.
2021-05-01 20:44:24,364 INFO     test_ai_mod.carbon_tasks.process_crawl_task -- writing unique elems file
2021-05-01 20:44:24,365 INFO     test_ai_mod.carbon_tasks.process_crawl_task -- writing elem hash map
2021-05-01 20:44:24,384 INFO     test_ai_mod.carbon_tasks.process_crawl_task -- writing elem similarity file
2021-05-01 20:44:24,386 INFO     test_ai_mod.carbon_tasks.process_crawl_task -- generating labeler objects file for crawl (v0)
2021-05-01 20:44:24,402 INFO     test_ai_mod.carbon_tasks.process_crawl_task -- reconciling screens labeled at runtime
2021-05-01 20:44:24,402 INFO     test_ai_mod.carbon_tasks.process_crawl_task -- reconciling elements labeled at runtime
2021-05-01 20:44:24,421 INFO     test_ai_mod.carbon_explore.interactive -- Interactive explore -- Generating labels using hash information 20210501204258
2021-05-01 20:44:24,428 INFO     test_ai_mod.carbon_explore.interactive -- Interactive explore -- get_labeler_objects -- end
2021-05-01 20:44:24,434 INFO     test_ai_mod.carbon_tasks.generate_auto_labels_task -- generating auto labels for crawl: 20210501204258, app_id: 8e3f7530-76ee-45b7-9ff2-cf4a8c01c1c1, build_id: 7b802321-75bf-4bfe-8464-13cd344a222c
2021-05-01 20:44:24,436 INFO     test_ai_mod.carbon_dao.local_carbon_dao -- Getting build info: APP_ID: 8e3f7530-76ee-45b7-9ff2-cf4a8c01c1c1, BUILD_ID: 7b802321-75bf-4bfe-8464-13cd344a222c
2021-05-01 20:44:24,438 INFO     test_ai_mod.carbon_dao.local_carbon_dao -- Getting build info: APP_ID: 8e3f7530-76ee-45b7-9ff2-cf4a8c01c1c1, BUILD_ID: 7b802321-75bf-4bfe-8464-13cd344a222c
2021-05-01 20:44:24,439 INFO     test_ai_mod.carbon_dao.local_carbon_dao -- Getting build info: APP_ID: 8e3f7530-76ee-45b7-9ff2-cf4a8c01c1c1, BUILD_ID: 7b802321-75bf-4bfe-8464-13cd344a222c
2021-05-01 20:44:24,441 INFO     test_ai_mod.carbon_dao.local_carbon_dao -- Getting build info: APP_ID: 8e3f7530-76ee-45b7-9ff2-cf4a8c01c1c1, BUILD_ID: 7b802321-75bf-4bfe-8464-13cd344a222c
2021-05-01 20:44:24,455 INFO     test_ai_mod.carbon_dao.local_carbon_dao -- Getting build info: APP_ID: 8e3f7530-76ee-45b7-9ff2-cf4a8c01c1c1, BUILD_ID: 7b802321-75bf-4bfe-8464-13cd344a222c
2021-05-01 20:44:24,460 INFO     test_ai_mod.carbon_dao.local_carbon_dao -- Getting build info: APP_ID: 8e3f7530-76ee-45b7-9ff2-cf4a8c01c1c1, BUILD_ID: 7b802321-75bf-4bfe-8464-13cd344a222c
2021-05-01 20:44:24,463 INFO     test_ai_mod.carbon_dao.local_carbon_dao -- Getting build info: APP_ID: 8e3f7530-76ee-45b7-9ff2-cf4a8c01c1c1, BUILD_ID: 7b802321-75bf-4bfe-8464-13cd344a222c
2021-05-01 20:44:24,581 INFO     test_ai_mod.carbon_tasks.generate_auto_labels_task -- writing merged, suggested labels to file: /Users/bot/test_ai/apps/8e3f7530-76ee-45b7-9ff2-cf4a8c01c1c1/builds/7b802321-75bf-4bfe-8464-13cd344a222c/crawls/20210501151446/labels/suggested_labels.json
2021-05-01 20:44:24,582 INFO     test_ai_mod.carbon_tasks.generate_auto_labels_task -- writing merged, suggested labels to file: /Users/bot/test_ai/apps/8e3f7530-76ee-45b7-9ff2-cf4a8c01c1c1/builds/7b802321-75bf-4bfe-8464-13cd344a222c/crawls/20210501203300/labels/suggested_labels.json
2021-05-01 20:44:24,647 INFO     test_ai_mod.carbon_tasks.generate_auto_labels_task -- writing merged, suggested labels to file: /Users/bot/test_ai/apps/8e3f7530-76ee-45b7-9ff2-cf4a8c01c1c1/builds/7b802321-75bf-4bfe-8464-13cd344a222c/crawls/20210501204258/labels/suggested_labels.json
2021-05-01 20:44:24,647 INFO     test_ai_mod.carbon_tasks.generate_auto_labels_task -- writing merged, suggested labels to file: /Users/bot/test_ai/apps/8e3f7530-76ee-45b7-9ff2-cf4a8c01c1c1/builds/7b802321-75bf-4bfe-8464-13cd344a222c/crawls/20210501151920/labels/suggested_labels.json
2021-05-01 20:44:24,649 INFO     test_ai_mod.carbon_tasks.generate_auto_labels_task -- writing merged, suggested labels to file: /Users/bot/test_ai/apps/8e3f7530-76ee-45b7-9ff2-cf4a8c01c1c1/builds/7b802321-75bf-4bfe-8464-13cd344a222c/crawls/20210501203516/labels/suggested_labels.json
2021-05-01 20:44:24,708 INFO     test_ai_mod.carbon_tasks.generate_auto_labels_task -- writing merged, suggested labels to file: /Users/bot/test_ai/apps/8e3f7530-76ee-45b7-9ff2-cf4a8c01c1c1/builds/7b802321-75bf-4bfe-8464-13cd344a222c/crawls/20210501180948/labels/suggested_labels.json
2021-05-01 20:44:24,744 INFO     test_ai_mod.carbon_tasks.generate_auto_labels_task -- writing applied hashes to labels to file: /Users/bot/test_ai/apps/8e3f7530-76ee-45b7-9ff2-cf4a8c01c1c1/lkg/hashes_to_labels.json
2021-05-01 20:44:24,747 INFO     test_ai_mod.carbon_tasks.generate_auto_labels_task -- writing applied human readable to labels to file: /Users/bot/test_ai/apps/8e3f7530-76ee-45b7-9ff2-cf4a8c01c1c1/lkg/human_readable_to_labels.json
2021-05-01 20:44:24,748 INFO     test_ai_mod.carbon_tasks.generate_auto_labels_task -- writing label to hash dicts to file: /Users/bot/test_ai/apps/8e3f7530-76ee-45b7-9ff2-cf4a8c01c1c1/lkg/label_to_hash_dicts.json
2021-05-01 20:44:24,750 INFO     test_ai_mod.carbon_tasks.generate_auto_labels_task -- writing human readable to paths to file: /Users/bot/test_ai/apps/8e3f7530-76ee-45b7-9ff2-cf4a8c01c1c1/lkg/human_readable_to_paths.json
2021-05-01 20:44:24,757 INFO     test_ai_mod.carbon_classifiers.label_classifier_pipe -- Begin loading configured modules
2021-05-01 20:44:24,757 INFO     test_ai_mod.carbon_classifiers.carbon_classifier_v1.screen_classifier -- Loading ScreenClassifier
2021-05-01 20:44:24,758 INFO     test_ai_mod.carbon_classifiers.template_matching.app_specific_template_matcher -- Loading AppSpecificTemplateMatcher
2021-05-01 20:44:24,758 INFO     test_ai_mod.carbon_classifiers.perceptual.nn_classifier -- Loading NNClassifier
2021-05-01 20:44:24,758 INFO     test_ai_mod.carbon_classifiers.template_matching.template_matching_classifier -- Loading TemplateMatchingClassifier
2021-05-01 20:44:24,758 WARNING  test_ai_mod.carbon_classifiers.template_matching.template_matching_classifier -- No template director exists at /Users/bot/test_ai/templates
2021-05-01 20:44:24,758 INFO     test_ai_mod.carbon_classifiers.http_classifier.http_classifier -- Loaded Http Classifier for ""
2021-05-01 20:44:24,759 INFO     test_ai_mod.carbon_tasks.generate_auto_labels_task -- classifying 2 unique screens
2021-05-01 20:44:24,759 INFO     test_ai_mod.carbon_utils.carbon_data -- loading models from LKG dir
2021-05-01 20:44:24,759 INFO     test_ai_mod.carbon_utils.carbon_data -- loading models from LKG dir
2021-05-01 20:44:24,762 INFO     test_ai_mod.carbon_classifiers.label_classifier_pipe -- Begin labeling elements
2021-05-01 20:44:24,789 INFO     test_ai_mod.carbon_classifiers.template_matching.app_specific_template_matcher -- Classifying screen with AppSpecificTemplateMatcher
2021-05-01 20:44:24,789 INFO     test_ai_mod.carbon_classifiers.perceptual.nn_classifier -- Classifying screen with NNClassifier
2021-05-01 20:44:24,852 INFO     test_ai_mod.carbon_classifiers.label_classifier_pipe -- End labeling elements: Time taken 0.0885410308838 seconds
2021-05-01 20:44:24,853 INFO     test_ai_mod.carbon_tasks.generate_auto_labels_task -- classifying 60 unique elems
2021-05-01 20:44:24,859 INFO     test_ai_mod.carbon_utils.carbon_data -- loading models from LKG dir
2021-05-01 20:44:24,859 INFO     test_ai_mod.carbon_utils.carbon_data -- loading models from LKG dir
2021-05-01 20:44:24,859 INFO     test_ai_mod.carbon_classifiers.label_classifier_pipe -- Begin labeling elements
2021-05-01 20:44:24,886 INFO     test_ai_mod.carbon_classifiers.template_matching.app_specific_template_matcher -- Classifying screen with AppSpecificTemplateMatcher
2021-05-01 20:44:24,886 INFO     test_ai_mod.carbon_classifiers.perceptual.nn_classifier -- Classifying screen with NNClassifier
2021-05-01 20:44:25,361 INFO     test_ai_mod.carbon_classifiers.perceptual.nn_classifier -- elem classified: btn_sign_in, score: 1.0
2021-05-01 20:44:25,387 INFO     test_ai_mod.carbon_classifiers.label_classifier_pipe -- End labeling elements: Time taken 0.527881860733 seconds
2021-05-01 20:44:25,390 INFO     test_ai_mod.carbon_tasks.generate_auto_labels_task -- writing merged, suggested labels to file: /Users/bot/test_ai/apps/8e3f7530-76ee-45b7-9ff2-cf4a8c01c1c1/builds/7b802321-75bf-4bfe-8464-13cd344a222c/crawls/20210501204258/labels/suggested_labels.json
2021-05-01 20:44:25,396 INFO     test_ai_mod.carbon_explore.interactive -- Interactive explore -- get labels for crawl 20210501204258
2021-05-01 20:44:25,398 INFO     test_ai_mod.carbon_dao.local_carbon_dao -- Getting build info: APP_ID: 8e3f7530-76ee-45b7-9ff2-cf4a8c01c1c1, BUILD_ID: 7b802321-75bf-4bfe-8464-13cd344a222c
2021-05-01 20:44:25,410 INFO     test_ai_mod.carbon_explore.interactive -- Interactive explore -- run_step -- end
2021-05-01 20:44:25,523 INFO     test_ai_mod.carbon_dao.local_carbon_dao -- Getting build info: APP_ID: 8e3f7530-76ee-45b7-9ff2-cf4a8c01c1c1, BUILD_ID: 7b802321-75bf-4bfe-8464-13cd344a222c
2021-05-01 20:44:25,704 INFO     test_ai_mod.labeler.v1.crawls -- elem image requested, crawl: 20210501204258, filename: iter_00000_step_00002_27_android.view.ViewGroup.png
2021-05-01 20:44:25,706 INFO     test_ai_mod.labeler.v1.crawls -- elem image requested, crawl: 20210501204258, filename: iter_00000_step_00002_18_android.view.View.png
2021-05-01 20:44:25,709 INFO     test_ai_mod.labeler.v1.crawls -- elem image requested, crawl: 20210501204258, filename: iter_00000_step_00002_34_android.widget.TextView.png
2021-05-01 20:44:25,710 INFO     test_ai_mod.labeler.v1.crawls -- elem image requested, crawl: 20210501204258, filename: iter_00000_step_00002_50_android.widget.EditText.png
2021-05-01 20:44:25,714 INFO     test_ai_mod.labeler.v1.crawls -- elem image requested, crawl: 20210501204258, filename: iter_00000_step_00002_39_android.view.ViewGroup.png
2021-05-01 20:44:25,715 INFO     test_ai_mod.labeler.v1.crawls -- elem image requested, crawl: 20210501204258, filename: iter_00000_step_00002_53_android.view.ViewGroup.png
2021-05-01 20:44:25,717 INFO     test_ai_mod.carbon_dao.local_carbon_dao -- Getting build info: APP_ID: 8e3f7530-76ee-45b7-9ff2-cf4a8c01c1c1, BUILD_ID: 7b802321-75bf-4bfe-8464-13cd344a222c
2021-05-01 20:44:25,717 INFO     test_ai_mod.carbon_dao.local_carbon_dao -- Getting build info: APP_ID: 8e3f7530-76ee-45b7-9ff2-cf4a8c01c1c1, BUILD_ID: 7b802321-75bf-4bfe-8464-13cd344a222c
2021-05-01 20:44:25,718 INFO     test_ai_mod.carbon_dao.local_carbon_dao -- Getting build info: APP_ID: 8e3f7530-76ee-45b7-9ff2-cf4a8c01c1c1, BUILD_ID: 7b802321-75bf-4bfe-8464-13cd344a222c
2021-05-01 20:44:25,719 INFO     test_ai_mod.carbon_dao.local_carbon_dao -- Getting build info: APP_ID: 8e3f7530-76ee-45b7-9ff2-cf4a8c01c1c1, BUILD_ID: 7b802321-75bf-4bfe-8464-13cd344a222c
2021-05-01 20:44:25,720 INFO     test_ai_mod.labeler.v1.crawls -- resolved to: /Users/bot/test_ai/apps/8e3f7530-76ee-45b7-9ff2-cf4a8c01c1c1/builds/7b802321-75bf-4bfe-8464-13cd344a222c/crawls/20210501204258/elems/iter_00000_step_00002_18_android.view.View.png
2021-05-01 20:44:25,719 INFO     test_ai_mod.carbon_dao.local_carbon_dao -- Getting build info: APP_ID: 8e3f7530-76ee-45b7-9ff2-cf4a8c01c1c1, BUILD_ID: 7b802321-75bf-4bfe-8464-13cd344a222c
2021-05-01 20:44:25,719 INFO     test_ai_mod.labeler.v1.crawls -- resolved to: /Users/bot/test_ai/apps/8e3f7530-76ee-45b7-9ff2-cf4a8c01c1c1/builds/7b802321-75bf-4bfe-8464-13cd344a222c/crawls/20210501204258/elems/iter_00000_step_00002_50_android.widget.EditText.png
2021-05-01 20:44:25,720 INFO     test_ai_mod.carbon_dao.local_carbon_dao -- Getting build info: APP_ID: 8e3f7530-76ee-45b7-9ff2-cf4a8c01c1c1, BUILD_ID: 7b802321-75bf-4bfe-8464-13cd344a222c
2021-05-01 20:44:25,724 INFO     test_ai_mod.labeler.v1.crawls -- resolved to: /Users/bot/test_ai/apps/8e3f7530-76ee-45b7-9ff2-cf4a8c01c1c1/builds/7b802321-75bf-4bfe-8464-13cd344a222c/crawls/20210501204258/elems/iter_00000_step_00002_39_android.view.ViewGroup.png
2021-05-01 20:44:25,725 INFO     test_ai_mod.labeler.v1.crawls -- resolved to: /Users/bot/test_ai/apps/8e3f7530-76ee-45b7-9ff2-cf4a8c01c1c1/builds/7b802321-75bf-4bfe-8464-13cd344a222c/crawls/20210501204258/elems/iter_00000_step_00002_34_android.widget.TextView.png
2021-05-01 20:44:25,725 INFO     test_ai_mod.labeler.v1.crawls -- resolved to: /Users/bot/test_ai/apps/8e3f7530-76ee-45b7-9ff2-cf4a8c01c1c1/builds/7b802321-75bf-4bfe-8464-13cd344a222c/crawls/20210501204258/elems/iter_00000_step_00002_27_android.view.ViewGroup.png
2021-05-01 20:44:25,726 INFO     test_ai_mod.labeler.v1.crawls -- resolved to: /Users/bot/test_ai/apps/8e3f7530-76ee-45b7-9ff2-cf4a8c01c1c1/builds/7b802321-75bf-4bfe-8464-13cd344a222c/crawls/20210501204258/elems/iter_00000_step_00002_53_android.view.ViewGroup.png
2021-05-01 20:44:25,736 INFO     test_ai_mod.labeler.v1.crawls -- elem image requested, crawl: 20210501204258, filename: iter_00000_step_00002_47_android.widget.EditText.png
2021-05-01 20:44:25,742 INFO     test_ai_mod.labeler.v1.crawls -- elem image requested, crawl: 20210501204258, filename: iter_00000_step_00002_56_android.widget.TextView.png
2021-05-01 20:44:25,743 INFO     test_ai_mod.labeler.v1.crawls -- elem image requested, crawl: 20210501204258, filename: iter_00000_step_00002_49_android.view.ViewGroup.png
2021-05-01 20:44:25,744 INFO     test_ai_mod.labeler.v1.crawls -- elem image requested, crawl: 20210501204258, filename: iter_00000_step_00002_25_android.widget.TextView.png
2021-05-01 20:44:25,745 INFO     test_ai_mod.labeler.v1.crawls -- elem image requested, crawl: 20210501204258, filename: iter_00000_step_00002_35_android.view.ViewGroup.png
2021-05-01 20:44:25,755 INFO     test_ai_mod.carbon_dao.local_carbon_dao -- Getting build info: APP_ID: 8e3f7530-76ee-45b7-9ff2-cf4a8c01c1c1, BUILD_ID: 7b802321-75bf-4bfe-8464-13cd344a222c
2021-05-01 20:44:25,757 INFO     test_ai_mod.labeler.v1.crawls -- elem image requested, crawl: 20210501204258, filename: iter_00000_step_00002_29_android.widget.TextView.png
2021-05-01 20:44:25,757 INFO     test_ai_mod.carbon_dao.local_carbon_dao -- Getting build info: APP_ID: 8e3f7530-76ee-45b7-9ff2-cf4a8c01c1c1, BUILD_ID: 7b802321-75bf-4bfe-8464-13cd344a222c
2021-05-01 20:44:25,758 INFO     test_ai_mod.carbon_dao.local_carbon_dao -- Getting build info: APP_ID: 8e3f7530-76ee-45b7-9ff2-cf4a8c01c1c1, BUILD_ID: 7b802321-75bf-4bfe-8464-13cd344a222c
2021-05-01 20:44:25,758 INFO     test_ai_mod.carbon_dao.local_carbon_dao -- Getting build info: APP_ID: 8e3f7530-76ee-45b7-9ff2-cf4a8c01c1c1, BUILD_ID: 7b802321-75bf-4bfe-8464-13cd344a222c
2021-05-01 20:44:25,759 INFO     test_ai_mod.labeler.v1.crawls -- resolved to: /Users/bot/test_ai/apps/8e3f7530-76ee-45b7-9ff2-cf4a8c01c1c1/builds/7b802321-75bf-4bfe-8464-13cd344a222c/crawls/20210501204258/elems/iter_00000_step_00002_49_android.view.ViewGroup.png
2021-05-01 20:44:25,760 INFO     test_ai_mod.carbon_dao.local_carbon_dao -- Getting build info: APP_ID: 8e3f7530-76ee-45b7-9ff2-cf4a8c01c1c1, BUILD_ID: 7b802321-75bf-4bfe-8464-13cd344a222c
2021-05-01 20:44:25,760 INFO     test_ai_mod.labeler.v1.crawls -- resolved to: /Users/bot/test_ai/apps/8e3f7530-76ee-45b7-9ff2-cf4a8c01c1c1/builds/7b802321-75bf-4bfe-8464-13cd344a222c/crawls/20210501204258/elems/iter_00000_step_00002_47_android.widget.EditText.png
2021-05-01 20:44:25,761 INFO     test_ai_mod.labeler.v1.crawls -- resolved to: /Users/bot/test_ai/apps/8e3f7530-76ee-45b7-9ff2-cf4a8c01c1c1/builds/7b802321-75bf-4bfe-8464-13cd344a222c/crawls/20210501204258/elems/iter_00000_step_00002_35_android.view.ViewGroup.png
2021-05-01 20:44:25,761 INFO     test_ai_mod.labeler.v1.crawls -- resolved to: /Users/bot/test_ai/apps/8e3f7530-76ee-45b7-9ff2-cf4a8c01c1c1/builds/7b802321-75bf-4bfe-8464-13cd344a222c/crawls/20210501204258/elems/iter_00000_step_00002_25_android.widget.TextView.png
2021-05-01 20:44:25,762 INFO     test_ai_mod.carbon_dao.local_carbon_dao -- Getting build info: APP_ID: 8e3f7530-76ee-45b7-9ff2-cf4a8c01c1c1, BUILD_ID: 7b802321-75bf-4bfe-8464-13cd344a222c
2021-05-01 20:44:25,766 INFO     test_ai_mod.labeler.v1.crawls -- resolved to: /Users/bot/test_ai/apps/8e3f7530-76ee-45b7-9ff2-cf4a8c01c1c1/builds/7b802321-75bf-4bfe-8464-13cd344a222c/crawls/20210501204258/elems/iter_00000_step_00002_56_android.widget.TextView.png
2021-05-01 20:44:25,771 INFO     test_ai_mod.labeler.v1.crawls -- resolved to: /Users/bot/test_ai/apps/8e3f7530-76ee-45b7-9ff2-cf4a8c01c1c1/builds/7b802321-75bf-4bfe-8464-13cd344a222c/crawls/20210501204258/elems/iter_00000_step_00002_29_android.widget.TextView.png
2021-05-01 20:44:25,775 INFO     test_ai_mod.labeler.v1.crawls -- elem image requested, crawl: 20210501204258, filename: iter_00000_step_00002_55_android.widget.TextView.png
2021-05-01 20:44:25,778 INFO     test_ai_mod.labeler.v1.crawls -- elem image requested, crawl: 20210501204258, filename: iter_00000_step_00002_30_android.view.ViewGroup.png
2021-05-01 20:44:25,782 INFO     test_ai_mod.labeler.v1.crawls -- elem image requested, crawl: 20210501204258, filename: iter_00000_step_00002_59_android.view.View.png
2021-05-01 20:44:25,783 INFO     test_ai_mod.carbon_dao.local_carbon_dao -- Getting build info: APP_ID: 8e3f7530-76ee-45b7-9ff2-cf4a8c01c1c1, BUILD_ID: 7b802321-75bf-4bfe-8464-13cd344a222c
2021-05-01 20:44:25,784 INFO     test_ai_mod.carbon_dao.local_carbon_dao -- Getting build info: APP_ID: 8e3f7530-76ee-45b7-9ff2-cf4a8c01c1c1, BUILD_ID: 7b802321-75bf-4bfe-8464-13cd344a222c
2021-05-01 20:44:25,785 INFO     test_ai_mod.labeler.v1.crawls -- elem image requested, crawl: 20210501204258, filename: iter_00000_step_00002_43_android.view.ViewGroup.png
2021-05-01 20:44:25,786 INFO     test_ai_mod.labeler.v1.crawls -- elem image requested, crawl: 20210501204258, filename: iter_00000_step_00002_48_android.widget.TextView.png
2021-05-01 20:44:25,787 INFO     test_ai_mod.carbon_dao.local_carbon_dao -- Getting build info: APP_ID: 8e3f7530-76ee-45b7-9ff2-cf4a8c01c1c1, BUILD_ID: 7b802321-75bf-4bfe-8464-13cd344a222c
2021-05-01 20:44:25,787 INFO     test_ai_mod.labeler.v1.crawls -- resolved to: /Users/bot/test_ai/apps/8e3f7530-76ee-45b7-9ff2-cf4a8c01c1c1/builds/7b802321-75bf-4bfe-8464-13cd344a222c/crawls/20210501204258/elems/iter_00000_step_00002_55_android.widget.TextView.png
2021-05-01 20:44:25,790 INFO     test_ai_mod.labeler.v1.crawls -- elem image requested, crawl: 20210501204258, filename: iter_00000_step_00002_45_android.widget.TextView.png
2021-05-01 20:44:25,790 INFO     test_ai_mod.labeler.v1.crawls -- resolved to: /Users/bot/test_ai/apps/8e3f7530-76ee-45b7-9ff2-cf4a8c01c1c1/builds/7b802321-75bf-4bfe-8464-13cd344a222c/crawls/20210501204258/elems/iter_00000_step_00002_30_android.view.ViewGroup.png
2021-05-01 20:44:25,810 INFO     test_ai_mod.labeler.v1.crawls -- resolved to: /Users/bot/test_ai/apps/8e3f7530-76ee-45b7-9ff2-cf4a8c01c1c1/builds/7b802321-75bf-4bfe-8464-13cd344a222c/crawls/20210501204258/elems/iter_00000_step_00002_59_android.view.View.png
2021-05-01 20:44:25,812 INFO     test_ai_mod.carbon_dao.local_carbon_dao -- Getting build info: APP_ID: 8e3f7530-76ee-45b7-9ff2-cf4a8c01c1c1, BUILD_ID: 7b802321-75bf-4bfe-8464-13cd344a222c
2021-05-01 20:44:25,813 INFO     test_ai_mod.carbon_dao.local_carbon_dao -- Getting build info: APP_ID: 8e3f7530-76ee-45b7-9ff2-cf4a8c01c1c1, BUILD_ID: 7b802321-75bf-4bfe-8464-13cd344a222c
2021-05-01 20:44:25,814 INFO     test_ai_mod.carbon_dao.local_carbon_dao -- Getting build info: APP_ID: 8e3f7530-76ee-45b7-9ff2-cf4a8c01c1c1, BUILD_ID: 7b802321-75bf-4bfe-8464-13cd344a222c
2021-05-01 20:44:25,815 INFO     test_ai_mod.labeler.v1.crawls -- elem image requested, crawl: 20210501204258, filename: iter_00000_step_00002_51_android.widget.TextView.png
2021-05-01 20:44:25,816 INFO     test_ai_mod.labeler.v1.crawls -- resolved to: /Users/bot/test_ai/apps/8e3f7530-76ee-45b7-9ff2-cf4a8c01c1c1/builds/7b802321-75bf-4bfe-8464-13cd344a222c/crawls/20210501204258/elems/iter_00000_step_00002_48_android.widget.TextView.png
2021-05-01 20:44:25,817 INFO     test_ai_mod.labeler.v1.crawls -- resolved to: /Users/bot/test_ai/apps/8e3f7530-76ee-45b7-9ff2-cf4a8c01c1c1/builds/7b802321-75bf-4bfe-8464-13cd344a222c/crawls/20210501204258/elems/iter_00000_step_00002_43_android.view.ViewGroup.png
2021-05-01 20:44:25,817 INFO     test_ai_mod.labeler.v1.crawls -- resolved to: /Users/bot/test_ai/apps/8e3f7530-76ee-45b7-9ff2-cf4a8c01c1c1/builds/7b802321-75bf-4bfe-8464-13cd344a222c/crawls/20210501204258/elems/iter_00000_step_00002_45_android.widget.TextView.png
2021-05-01 20:44:25,818 INFO     test_ai_mod.labeler.v1.crawls -- elem image requested, crawl: 20210501204258, filename: iter_00000_step_00002_12_android.view.ViewGroup.png
2021-05-01 20:44:25,819 INFO     test_ai_mod.labeler.v1.crawls -- elem image requested, crawl: 20210501204258, filename: iter_00000_step_00002_24_android.view.ViewGroup.png
2021-05-01 20:44:25,822 INFO     test_ai_mod.carbon_dao.local_carbon_dao -- Getting build info: APP_ID: 8e3f7530-76ee-45b7-9ff2-cf4a8c01c1c1, BUILD_ID: 7b802321-75bf-4bfe-8464-13cd344a222c
2021-05-01 20:44:25,823 INFO     test_ai_mod.carbon_dao.local_carbon_dao -- Getting build info: APP_ID: 8e3f7530-76ee-45b7-9ff2-cf4a8c01c1c1, BUILD_ID: 7b802321-75bf-4bfe-8464-13cd344a222c
2021-05-01 20:44:25,826 INFO     test_ai_mod.labeler.v1.crawls -- elem image requested, crawl: 20210501204258, filename: iter_00000_step_00002_52_android.widget.TextView.png
2021-05-01 20:44:25,826 INFO     test_ai_mod.labeler.v1.crawls -- resolved to: /Users/bot/test_ai/apps/8e3f7530-76ee-45b7-9ff2-cf4a8c01c1c1/builds/7b802321-75bf-4bfe-8464-13cd344a222c/crawls/20210501204258/elems/iter_00000_step_00002_12_android.view.ViewGroup.png
2021-05-01 20:44:25,827 INFO     test_ai_mod.labeler.v1.crawls -- elem image requested, crawl: 20210501204258, filename: iter_00000_step_00002_10_android.view.ViewGroup.png
2021-05-01 20:44:25,828 INFO     test_ai_mod.labeler.v1.crawls -- resolved to: /Users/bot/test_ai/apps/8e3f7530-76ee-45b7-9ff2-cf4a8c01c1c1/builds/7b802321-75bf-4bfe-8464-13cd344a222c/crawls/20210501204258/elems/iter_00000_step_00002_51_android.widget.TextView.png
2021-05-01 20:44:25,830 INFO     test_ai_mod.labeler.v1.crawls -- elem image requested, crawl: 20210501204258, filename: iter_00000_step_00002_28_android.view.ViewGroup.png
2021-05-01 20:44:25,833 INFO     test_ai_mod.carbon_dao.local_carbon_dao -- Getting build info: APP_ID: 8e3f7530-76ee-45b7-9ff2-cf4a8c01c1c1, BUILD_ID: 7b802321-75bf-4bfe-8464-13cd344a222c
2021-05-01 20:44:25,835 INFO     test_ai_mod.carbon_dao.local_carbon_dao -- Getting build info: APP_ID: 8e3f7530-76ee-45b7-9ff2-cf4a8c01c1c1, BUILD_ID: 7b802321-75bf-4bfe-8464-13cd344a222c
2021-05-01 20:44:25,835 INFO     test_ai_mod.carbon_dao.local_carbon_dao -- Getting build info: APP_ID: 8e3f7530-76ee-45b7-9ff2-cf4a8c01c1c1, BUILD_ID: 7b802321-75bf-4bfe-8464-13cd344a222c
2021-05-01 20:44:25,839 INFO     test_ai_mod.labeler.v1.crawls -- elem image requested, crawl: 20210501204258, filename: iter_00000_step_00002_57_android.view.View.png
2021-05-01 20:44:25,854 INFO     test_ai_mod.labeler.v1.crawls -- resolved to: /Users/bot/test_ai/apps/8e3f7530-76ee-45b7-9ff2-cf4a8c01c1c1/builds/7b802321-75bf-4bfe-8464-13cd344a222c/crawls/20210501204258/elems/iter_00000_step_00002_24_android.view.ViewGroup.png
2021-05-01 20:44:25,856 INFO     test_ai_mod.labeler.v1.crawls -- resolved to: /Users/bot/test_ai/apps/8e3f7530-76ee-45b7-9ff2-cf4a8c01c1c1/builds/7b802321-75bf-4bfe-8464-13cd344a222c/crawls/20210501204258/elems/iter_00000_step_00002_52_android.widget.TextView.png
2021-05-01 20:44:25,857 INFO     test_ai_mod.carbon_dao.local_carbon_dao -- Getting build info: APP_ID: 8e3f7530-76ee-45b7-9ff2-cf4a8c01c1c1, BUILD_ID: 7b802321-75bf-4bfe-8464-13cd344a222c
2021-05-01 20:44:25,858 INFO     test_ai_mod.labeler.v1.crawls -- elem image requested, crawl: 20210501204258, filename: iter_00000_step_00002_32_android.widget.TextView.png
2021-05-01 20:44:25,859 INFO     test_ai_mod.labeler.v1.crawls -- resolved to: /Users/bot/test_ai/apps/8e3f7530-76ee-45b7-9ff2-cf4a8c01c1c1/builds/7b802321-75bf-4bfe-8464-13cd344a222c/crawls/20210501204258/elems/iter_00000_step_00002_10_android.view.ViewGroup.png
2021-05-01 20:44:25,860 INFO     test_ai_mod.carbon_dao.local_carbon_dao -- Getting build info: APP_ID: 8e3f7530-76ee-45b7-9ff2-cf4a8c01c1c1, BUILD_ID: 7b802321-75bf-4bfe-8464-13cd344a222c
2021-05-01 20:44:25,863 INFO     test_ai_mod.labeler.v1.crawls -- resolved to: /Users/bot/test_ai/apps/8e3f7530-76ee-45b7-9ff2-cf4a8c01c1c1/builds/7b802321-75bf-4bfe-8464-13cd344a222c/crawls/20210501204258/elems/iter_00000_step_00002_28_android.view.ViewGroup.png
2021-05-01 20:44:25,868 INFO     test_ai_mod.labeler.v1.crawls -- elem image requested, crawl: 20210501204258, filename: iter_00000_step_00002_41_android.view.ViewGroup.png
2021-05-01 20:44:25,869 INFO     test_ai_mod.carbon_dao.local_carbon_dao -- Getting build info: APP_ID: 8e3f7530-76ee-45b7-9ff2-cf4a8c01c1c1, BUILD_ID: 7b802321-75bf-4bfe-8464-13cd344a222c
2021-05-01 20:44:25,870 INFO     test_ai_mod.labeler.v1.crawls -- resolved to: /Users/bot/test_ai/apps/8e3f7530-76ee-45b7-9ff2-cf4a8c01c1c1/builds/7b802321-75bf-4bfe-8464-13cd344a222c/crawls/20210501204258/elems/iter_00000_step_00002_57_android.view.View.png
2021-05-01 20:44:25,872 INFO     test_ai_mod.labeler.v1.crawls -- elem image requested, crawl: 20210501204258, filename: iter_00000_step_00002_26_android.widget.TextView.png
2021-05-01 20:44:25,875 INFO     test_ai_mod.labeler.v1.crawls -- resolved to: /Users/bot/test_ai/apps/8e3f7530-76ee-45b7-9ff2-cf4a8c01c1c1/builds/7b802321-75bf-4bfe-8464-13cd344a222c/crawls/20210501204258/elems/iter_00000_step_00002_32_android.widget.TextView.png
2021-05-01 20:44:25,878 INFO     test_ai_mod.carbon_dao.local_carbon_dao -- Getting build info: APP_ID: 8e3f7530-76ee-45b7-9ff2-cf4a8c01c1c1, BUILD_ID: 7b802321-75bf-4bfe-8464-13cd344a222c
2021-05-01 20:44:25,879 INFO     test_ai_mod.carbon_dao.local_carbon_dao -- Getting build info: APP_ID: 8e3f7530-76ee-45b7-9ff2-cf4a8c01c1c1, BUILD_ID: 7b802321-75bf-4bfe-8464-13cd344a222c
2021-05-01 20:44:25,880 INFO     test_ai_mod.labeler.v1.crawls -- resolved to: /Users/bot/test_ai/apps/8e3f7530-76ee-45b7-9ff2-cf4a8c01c1c1/builds/7b802321-75bf-4bfe-8464-13cd344a222c/crawls/20210501204258/elems/iter_00000_step_00002_41_android.view.ViewGroup.png
2021-05-01 20:44:25,881 INFO     test_ai_mod.labeler.v1.crawls -- resolved to: /Users/bot/test_ai/apps/8e3f7530-76ee-45b7-9ff2-cf4a8c01c1c1/builds/7b802321-75bf-4bfe-8464-13cd344a222c/crawls/20210501204258/elems/iter_00000_step_00002_26_android.widget.TextView.png
2021-05-01 20:44:28,515 INFO     test_ai_mod.carbon_explore.interactive -- Interactive explore -- status -- start
2021-05-01 20:44:28,515 INFO     test_ai_mod.carbon_explore.interactive -- Interactive explore -- status -- end
2021-05-01 20:44:43,523 INFO     test_ai_mod.carbon_explore.interactive -- Interactive explore -- status -- start
2021-05-01 20:44:43,523 INFO     test_ai_mod.carbon_explore.interactive -- Interactive explore -- status -- end
2021-05-01 20:44:58,521 INFO     test_ai_mod.carbon_explore.interactive -- Interactive explore -- status -- start
2021-05-01 20:44:58,521 INFO     test_ai_mod.carbon_explore.interactive -- Interactive explore -- status -- end
2021-05-01 20:45:13,515 INFO     test_ai_mod.carbon_explore.interactive -- Interactive explore -- status -- start
2021-05-01 20:45:13,515 INFO     test_ai_mod.carbon_explore.interactive -- Interactive explore -- status -- end
2021-05-01 20:45:13,891 INFO     test_ai_mod.labeler.v1.crawls -- elem image requested, crawl: 20210501204258, filename: iter_00000_step_00002_screenshot.png
2021-05-01 20:45:13,891 INFO     test_ai_mod.carbon_dao.local_carbon_dao -- Getting build info: APP_ID: 8e3f7530-76ee-45b7-9ff2-cf4a8c01c1c1, BUILD_ID: 7b802321-75bf-4bfe-8464-13cd344a222c
2021-05-01 20:45:13,893 INFO     test_ai_mod.labeler.v1.crawls -- resolved to: /Users/bot/test_ai/apps/8e3f7530-76ee-45b7-9ff2-cf4a8c01c1c1/builds/7b802321-75bf-4bfe-8464-13cd344a222c/crawls/20210501204258/screens/iter_00000_step_00002_screenshot.png
2021-05-01 20:45:15,163 INFO     test_ai_mod.carbon_dao.local_carbon_dao -- Getting build info: APP_ID: 8e3f7530-76ee-45b7-9ff2-cf4a8c01c1c1, BUILD_ID: 7b802321-75bf-4bfe-8464-13cd344a222c
2021-05-01 20:45:15,163 INFO     test_ai_mod.labeler.v1.crawls -- labels_info:{u'screens': {}, u'elems': {u'iter_00000_step_00002_55_android.widget.TextView.png': [u'btn_sign_in']}}
2021-05-01 20:45:15,165 INFO     test_ai_mod.carbon_dao.local_carbon_dao -- Getting build info: APP_ID: 8e3f7530-76ee-45b7-9ff2-cf4a8c01c1c1, BUILD_ID: 7b802321-75bf-4bfe-8464-13cd344a222c
2021-05-01 20:45:15,412 ERROR    test_ai_mod.labeler.v1.crawls -- Error uploading to server. Should log this to slack
2021-05-01 20:45:15,424 INFO     test_ai_mod.carbon_dao.local_carbon_dao -- Getting build info: APP_ID: 8e3f7530-76ee-45b7-9ff2-cf4a8c01c1c1, BUILD_ID: 7b802321-75bf-4bfe-8464-13cd344a222c
2021-05-01 20:45:28,513 INFO     test_ai_mod.carbon_explore.interactive -- Interactive explore -- status -- start
2021-05-01 20:45:28,514 INFO     test_ai_mod.carbon_explore.interactive -- Interactive explore -- status -- end
2021-05-01 20:45:43,522 INFO     test_ai_mod.carbon_explore.interactive -- Interactive explore -- status -- start
2021-05-01 20:45:43,523 INFO     test_ai_mod.carbon_explore.interactive -- Interactive explore -- status -- end
2021-05-01 20:45:58,528 INFO     test_ai_mod.carbon_explore.interactive -- Interactive explore -- status -- start
2021-05-01 20:45:58,529 INFO     test_ai_mod.carbon_explore.interactive -- Interactive explore -- status -- end
2021-05-01 20:46:13,535 INFO     test_ai_mod.carbon_explore.interactive -- Interactive explore -- status -- start
2021-05-01 20:46:13,536 INFO     test_ai_mod.carbon_explore.interactive -- Interactive explore -- status -- end
2021-05-01 20:46:28,522 INFO     test_ai_mod.carbon_explore.interactive -- Interactive explore -- status -- start
2021-05-01 20:46:28,523 INFO     test_ai_mod.carbon_explore.interactive -- Interactive explore -- status -- end
2021-05-01 20:46:43,517 INFO     test_ai_mod.carbon_explore.interactive -- Interactive explore -- status -- start
2021-05-01 20:46:43,517 INFO     test_ai_mod.carbon_explore.interactive -- Interactive explore -- status -- end
2021-05-01 20:46:58,522 INFO     test_ai_mod.carbon_explore.interactive -- Interactive explore -- status -- start
2021-05-01 20:46:58,523 INFO     test_ai_mod.carbon_explore.interactive -- Interactive explore -- status -- end
2021-05-01 20:47:09,820 INFO     test_ai_mod.carbon_dao.local_carbon_dao -- Getting build info: APP_ID: 8e3f7530-76ee-45b7-9ff2-cf4a8c01c1c1, BUILD_ID: 7b802321-75bf-4bfe-8464-13cd344a222c
2021-05-01 20:47:09,825 INFO     test_ai_mod.labeler.v1.tests -- tests_info:{u'01 Explore "For You"': {'temp_id': u'b8d9fb26-aacc-11eb-88a5-f01898f25f2e', 'tags': [], 'title': u'01 Explore "For You"', 'steps': [{u'widget': u'default', u'grep': '', u'description': u'Test Run Only for tap action', u'continue_on_failure': False, u'labels': [u'btn_sign_in'], u'label_count': None, u'grep_count': None, u'input': u'tap', u'run_only_if_label_present': True, u'type': u'action'}, {u'widget': u'default', u'grep': '', u'description': u'Signs into Equinox app', u'continue_on_failure': False, u'labels': [u'btn_sign_in'], u'label_count': None, u'grep_count': None, u'input': u'tap', u'run_only_if_label_present': False, u'type': u'action'}, {u'widget': u'default', u'grep': u'', u'description': u'Tests Continue on Failure for Verify action', u'continue_on_failure': True, u'labels': [u'img_stretches_for_cycling'], u'label_count': None, u'grep_count': None, u'input': u'', u'run_only_if_label_present': False, u'type': u'verification'}, {u'widget': u'default', u'grep': '', u'description': u'Tests Run Only for Swipe Up action', u'continue_on_failure': False, u'labels': [u'icn_user_profile'], u'label_count': None, u'grep_count': None, u'input': u'swipe_up', u'run_only_if_label_present': True, u'type': u'action'}, {u'widget': u'default', u'grep': '', u'description': u'Tests Continue On Failure for Swipe Up action', u'continue_on_failure': True, u'labels': [], u'label_count': None, u'grep_count': None, u'input': u'swipe_up', u'run_only_if_label_present': False, u'type': u'action'}, {u'widget': u'default', u'grep': '', u'description': u'', u'continue_on_failure': False, u'labels': [], u'label_count': None, u'grep_count': None, u'input': u'swipe_up', u'run_only_if_label_present': False, u'type': u'action'}, {u'widget': u'default', u'grep': u'', u'description': u'tests continue on failure for Verify action', u'continue_on_failure': True, u'labels': [u'icn_user_profile'], u'label_count': None, u'grep_count': None, u'input': u'', u'run_only_if_label_present': False, u'type': u'verification'}, {u'widget': u'default', u'grep': '', u'description': u'Tests Run Only for Swipe Down action', u'continue_on_failure': False, u'labels': [u'txt_try_new_workout_types'], u'label_count': None, u'grep_count': None, u'input': u'swipe_down', u'run_only_if_label_present': True, u'type': u'action'}, {u'widget': u'default', u'grep': '', u'description': u'Tests Continue on Failure for Swipe Down Action', u'continue_on_failure': True, u'labels': [u'txt_try_new_workout_types'], u'label_count': None, u'grep_count': None, u'input': u'swipe_down', u'run_only_if_label_present': False, u'type': u'action'}, {u'widget': u'default', u'grep': u'', u'description': u'Tests Continue On Failure for Wait action', u'continue_on_failure': True, u'labels': [u'txt_completed_class_11_30_20'], u'label_count': None, u'grep_count': None, u'timeout': u'20', u'input': u'', u'run_only_if_label_present': False, u'type': u'wait_for_label'}], 'is_deactivated': False, 'description': u''}}
2021-05-01 20:47:09,968 INFO     test_ai_mod.carbon_dao.local_carbon_dao -- Getting build info: APP_ID: 8e3f7530-76ee-45b7-9ff2-cf4a8c01c1c1, BUILD_ID: 7b802321-75bf-4bfe-8464-13cd344a222c
2021-05-01 20:47:13,524 INFO     test_ai_mod.carbon_explore.interactive -- Interactive explore -- status -- start
2021-05-01 20:47:13,524 INFO     test_ai_mod.carbon_explore.interactive -- Interactive explore -- status -- end
2021-05-01 20:47:23,352 INFO     test_ai_mod.carbon_explore.interactive -- Interactive explore -- status -- start
2021-05-01 20:47:23,353 INFO     test_ai_mod.carbon_explore.interactive -- Interactive explore -- status -- end
2021-05-01 20:47:23,359 INFO     test_ai_mod.carbon_explore.interactive -- Interactive explore -- status -- start
2021-05-01 20:47:23,359 INFO     test_ai_mod.carbon_explore.interactive -- Interactive explore -- status -- end
2021-05-01 20:47:23,363 INFO     root -- Stopping interactive crawl.
2021-05-01 20:47:23,369 INFO     test_ai_mod.carbon_explore.interactive -- Interactive explore -- stop -- start
2021-05-01 20:47:23,370 INFO     test_ai_mod.carbon_explore.interactive -- Interactive explore -- stop -- stop
2021-05-01 20:47:23,871 INFO     test_ai_mod.carbon_explore.explore_hook -- Explore hook -- apply_deferred_runtime_labels starting.
2021-05-01 20:47:23,871 INFO     test_ai_mod.carbon_explore.explore_hook -- Explore hook -- apply_deferred_runtime_labels completed.
2021-05-01 20:47:23,871 INFO     test_ai_mod.carbon_explore.interactive -- Interactive explore -- start_interactive_loop completed.
2021-05-01 20:47:23,872 INFO     test_ai_mod.carbon_explore.explore -- performing post-walk cleanup
2021-05-01 20:47:24,042 INFO     test_ai_mod.carbon_utils.simulator_tools -- performing post-test cleanup
2021-05-01 20:47:24,042 INFO     test_ai_mod.carbon_utils.simulator_tools -- calling driver.quit
2021-05-01 20:47:24,058 INFO     test_ai_mod.carbon_explore.explore -- iteration completed: 0
2021-05-01 20:47:24,058 INFO     test_ai_mod.carbon_tasks.crawl_build_task -- walk: 1 - succeeded
2021-05-01 20:47:24,058 INFO     test_ai_mod.carbon_tasks.crawl_build_task -- Handling crawl stop request.
2021-05-01 20:47:24,060 INFO     test_ai_mod.carbon_dao.local_carbon_dao -- Getting build info: APP_ID: 8e3f7530-76ee-45b7-9ff2-cf4a8c01c1c1, BUILD_ID: 7b802321-75bf-4bfe-8464-13cd344a222c
2021-05-01 20:47:24,061 INFO     test_ai_mod.carbon_dao.local_carbon_dao -- Getting build info: APP_ID: 8e3f7530-76ee-45b7-9ff2-cf4a8c01c1c1, BUILD_ID: 7b802321-75bf-4bfe-8464-13cd344a222c
2021-05-01 20:47:24,063 INFO     test_ai_mod.carbon_dao.local_carbon_dao -- Getting build info: APP_ID: 8e3f7530-76ee-45b7-9ff2-cf4a8c01c1c1, BUILD_ID: 7b802321-75bf-4bfe-8464-13cd344a222c
2021-05-01 20:47:24,064 INFO     test_ai_mod.carbon_dao.local_carbon_dao -- Getting build info: APP_ID: 8e3f7530-76ee-45b7-9ff2-cf4a8c01c1c1, BUILD_ID: 7b802321-75bf-4bfe-8464-13cd344a222c
2021-05-01 20:47:24,066 INFO     test_ai_mod.carbon_dao.local_carbon_dao -- Getting build info: APP_ID: 8e3f7530-76ee-45b7-9ff2-cf4a8c01c1c1, BUILD_ID: 7b802321-75bf-4bfe-8464-13cd344a222c
2021-05-01 20:47:24,067 INFO     test_ai_mod.carbon_dao.local_carbon_dao -- Getting build info: APP_ID: 8e3f7530-76ee-45b7-9ff2-cf4a8c01c1c1, BUILD_ID: 7b802321-75bf-4bfe-8464-13cd344a222c
2021-05-01 20:47:24,068 INFO     test_ai_mod.carbon_dao.local_carbon_dao -- Getting build info: APP_ID: 8e3f7530-76ee-45b7-9ff2-cf4a8c01c1c1, BUILD_ID: 7b802321-75bf-4bfe-8464-13cd344a222c
2021-05-01 20:47:24,069 INFO     test_ai_mod.carbon_tasks.process_crawl_task -- processing crawl: 20210501204258 (app: 8e3f7530-76ee-45b7-9ff2-cf4a8c01c1c1, build: 7b802321-75bf-4bfe-8464-13cd344a222c)
2021-05-01 20:47:24,069 INFO     test_ai_mod.carbon_tasks.process_crawl_task -- processing screens for crawl
2021-05-01 20:47:24,214 INFO     test_ai_mod.carbon_tasks.process_crawl_task -- writing unique screens file
2021-05-01 20:47:24,216 INFO     test_ai_mod.carbon_tasks.process_crawl_task -- writing screen hash map
2021-05-01 20:47:24,220 INFO     test_ai_mod.carbon_tasks.process_crawl_task -- writing screen similarity file
2021-05-01 20:47:24,220 INFO     test_ai_mod.carbon_tasks.process_crawl_task -- processing elements for crawl
2021-05-01 20:47:24,221 INFO     test_ai_mod.carbon_tasks.process_crawl_task -- skipping already processed: iter_00000_step_00002_info.json
2021-05-01 20:47:24,222 INFO     test_ai_mod.carbon_tasks.process_crawl_task -- skipping already processed: iter_00000_step_00001_info.json
2021-05-01 20:47:24,223 INFO     test_ai_mod.carbon_tasks.process_crawl_task -- skipping already processed: iter_00000_step_00000_info.json
2021-05-01 20:47:25,717 INFO     test_ai_mod.carbon_tasks.process_crawl_task -- Writing unique tags file.
2021-05-01 20:47:25,717 INFO     test_ai_mod.carbon_tasks.process_crawl_task -- writing unique elems file
2021-05-01 20:47:25,719 INFO     test_ai_mod.carbon_tasks.process_crawl_task -- writing elem hash map
2021-05-01 20:47:25,728 INFO     test_ai_mod.carbon_tasks.process_crawl_task -- writing elem similarity file
2021-05-01 20:47:25,730 INFO     test_ai_mod.carbon_tasks.process_crawl_task -- generating and saving feature data for crawl
2021-05-01 20:47:25,730 INFO     test_ai_mod.carbon_tasks.generate_feature_data_task -- generating feature data for crawl: 20210501204258, app_id: 8e3f7530-76ee-45b7-9ff2-cf4a8c01c1c1, build_id: 7b802321-75bf-4bfe-8464-13cd344a222c
2021-05-01 20:47:25,731 INFO     test_ai_mod.carbon_tasks.generate_feature_data_task -- generating screen feature data
2021-05-01 20:47:26,222 INFO     test_ai_mod.carbon_tasks.generate_feature_data_task -- saving screen feature data
2021-05-01 20:47:26,225 INFO     test_ai_mod.carbon_tasks.process_crawl_task -- generating labeler objects file for crawl (v0)
2021-05-01 20:47:26,238 INFO     test_ai_mod.carbon_tasks.process_crawl_task -- reconciling screens labeled at runtime
2021-05-01 20:47:26,239 INFO     test_ai_mod.carbon_tasks.process_crawl_task -- reconciling elements labeled at runtime
2021-05-01 20:47:26,248 INFO     test_ai_mod.carbon_tasks.generate_auto_labels_task -- generating auto labels for crawl: 20210501204258, app_id: 8e3f7530-76ee-45b7-9ff2-cf4a8c01c1c1, build_id: 7b802321-75bf-4bfe-8464-13cd344a222c
2021-05-01 20:47:26,249 INFO     test_ai_mod.carbon_dao.local_carbon_dao -- Getting build info: APP_ID: 8e3f7530-76ee-45b7-9ff2-cf4a8c01c1c1, BUILD_ID: 7b802321-75bf-4bfe-8464-13cd344a222c
2021-05-01 20:47:26,251 INFO     test_ai_mod.carbon_dao.local_carbon_dao -- Getting build info: APP_ID: 8e3f7530-76ee-45b7-9ff2-cf4a8c01c1c1, BUILD_ID: 7b802321-75bf-4bfe-8464-13cd344a222c
2021-05-01 20:47:26,252 INFO     test_ai_mod.carbon_dao.local_carbon_dao -- Getting build info: APP_ID: 8e3f7530-76ee-45b7-9ff2-cf4a8c01c1c1, BUILD_ID: 7b802321-75bf-4bfe-8464-13cd344a222c
2021-05-01 20:47:26,253 INFO     test_ai_mod.carbon_dao.local_carbon_dao -- Getting build info: APP_ID: 8e3f7530-76ee-45b7-9ff2-cf4a8c01c1c1, BUILD_ID: 7b802321-75bf-4bfe-8464-13cd344a222c
2021-05-01 20:47:26,254 INFO     test_ai_mod.carbon_dao.local_carbon_dao -- Getting build info: APP_ID: 8e3f7530-76ee-45b7-9ff2-cf4a8c01c1c1, BUILD_ID: 7b802321-75bf-4bfe-8464-13cd344a222c
2021-05-01 20:47:26,255 INFO     test_ai_mod.carbon_dao.local_carbon_dao -- Getting build info: APP_ID: 8e3f7530-76ee-45b7-9ff2-cf4a8c01c1c1, BUILD_ID: 7b802321-75bf-4bfe-8464-13cd344a222c
2021-05-01 20:47:26,256 INFO     test_ai_mod.carbon_dao.local_carbon_dao -- Getting build info: APP_ID: 8e3f7530-76ee-45b7-9ff2-cf4a8c01c1c1, BUILD_ID: 7b802321-75bf-4bfe-8464-13cd344a222c
2021-05-01 20:47:26,306 INFO     test_ai_mod.carbon_tasks.generate_auto_labels_task -- writing merged, suggested labels to file: /Users/bot/test_ai/apps/8e3f7530-76ee-45b7-9ff2-cf4a8c01c1c1/builds/7b802321-75bf-4bfe-8464-13cd344a222c/crawls/20210501203300/labels/suggested_labels.json
2021-05-01 20:47:26,320 INFO     test_ai_mod.carbon_tasks.generate_auto_labels_task -- writing merged, suggested labels to file: /Users/bot/test_ai/apps/8e3f7530-76ee-45b7-9ff2-cf4a8c01c1c1/builds/7b802321-75bf-4bfe-8464-13cd344a222c/crawls/20210501151446/labels/suggested_labels.json
2021-05-01 20:47:26,853 INFO     test_ai_mod.carbon_tasks.generate_auto_labels_task -- writing merged, suggested labels to file: /Users/bot/test_ai/apps/8e3f7530-76ee-45b7-9ff2-cf4a8c01c1c1/builds/7b802321-75bf-4bfe-8464-13cd344a222c/crawls/20210501151920/labels/suggested_labels.json
2021-05-01 20:47:26,889 INFO     test_ai_mod.carbon_tasks.generate_auto_labels_task -- writing merged, suggested labels to file: /Users/bot/test_ai/apps/8e3f7530-76ee-45b7-9ff2-cf4a8c01c1c1/builds/7b802321-75bf-4bfe-8464-13cd344a222c/crawls/20210501203516/labels/suggested_labels.json
2021-05-01 20:47:26,889 INFO     test_ai_mod.carbon_tasks.generate_auto_labels_task -- writing merged, suggested labels to file: /Users/bot/test_ai/apps/8e3f7530-76ee-45b7-9ff2-cf4a8c01c1c1/builds/7b802321-75bf-4bfe-8464-13cd344a222c/crawls/20210501204258/labels/suggested_labels.json
2021-05-01 20:47:26,889 INFO     test_ai_mod.carbon_tasks.generate_auto_labels_task -- writing merged, suggested labels to file: /Users/bot/test_ai/apps/8e3f7530-76ee-45b7-9ff2-cf4a8c01c1c1/builds/7b802321-75bf-4bfe-8464-13cd344a222c/crawls/20210501180948/labels/suggested_labels.json
2021-05-01 20:47:26,926 INFO     test_ai_mod.carbon_tasks.generate_auto_labels_task -- writing applied hashes to labels to file: /Users/bot/test_ai/apps/8e3f7530-76ee-45b7-9ff2-cf4a8c01c1c1/lkg/hashes_to_labels.json
2021-05-01 20:47:26,927 INFO     test_ai_mod.carbon_tasks.generate_auto_labels_task -- writing applied human readable to labels to file: /Users/bot/test_ai/apps/8e3f7530-76ee-45b7-9ff2-cf4a8c01c1c1/lkg/human_readable_to_labels.json
2021-05-01 20:47:26,928 INFO     test_ai_mod.carbon_tasks.generate_auto_labels_task -- writing label to hash dicts to file: /Users/bot/test_ai/apps/8e3f7530-76ee-45b7-9ff2-cf4a8c01c1c1/lkg/label_to_hash_dicts.json
2021-05-01 20:47:26,929 INFO     test_ai_mod.carbon_tasks.generate_auto_labels_task -- writing human readable to paths to file: /Users/bot/test_ai/apps/8e3f7530-76ee-45b7-9ff2-cf4a8c01c1c1/lkg/human_readable_to_paths.json
2021-05-01 20:47:26,931 INFO     test_ai_mod.carbon_classifiers.label_classifier_pipe -- Begin loading configured modules
2021-05-01 20:47:26,932 INFO     test_ai_mod.carbon_classifiers.carbon_classifier_v1.screen_classifier -- Loading ScreenClassifier
2021-05-01 20:47:26,943 INFO     test_ai_mod.carbon_classifiers.template_matching.app_specific_template_matcher -- Loading AppSpecificTemplateMatcher
2021-05-01 20:47:26,943 INFO     test_ai_mod.carbon_classifiers.perceptual.nn_classifier -- Loading NNClassifier
2021-05-01 20:47:26,943 INFO     test_ai_mod.carbon_classifiers.template_matching.template_matching_classifier -- Loading TemplateMatchingClassifier
2021-05-01 20:47:26,944 WARNING  test_ai_mod.carbon_classifiers.template_matching.template_matching_classifier -- No template director exists at /Users/bot/test_ai/templates
2021-05-01 20:47:26,944 INFO     test_ai_mod.carbon_classifiers.http_classifier.http_classifier -- Loaded Http Classifier for ""
2021-05-01 20:47:26,944 INFO     test_ai_mod.carbon_tasks.generate_auto_labels_task -- classifying 3 unique screens
2021-05-01 20:47:26,944 INFO     test_ai_mod.carbon_utils.carbon_data -- loading models from LKG dir
2021-05-01 20:47:26,944 INFO     test_ai_mod.carbon_utils.carbon_data -- loading models from LKG dir
2021-05-01 20:47:26,945 INFO     test_ai_mod.carbon_classifiers.label_classifier_pipe -- Begin labeling elements
2021-05-01 20:47:26,959 INFO     test_ai_mod.carbon_classifiers.template_matching.app_specific_template_matcher -- Classifying screen with AppSpecificTemplateMatcher
2021-05-01 20:47:26,959 INFO     test_ai_mod.carbon_classifiers.perceptual.nn_classifier -- Classifying screen with NNClassifier
2021-05-01 20:47:27,015 INFO     test_ai_mod.carbon_classifiers.label_classifier_pipe -- End labeling elements: Time taken 0.0699088573456 seconds
2021-05-01 20:47:27,016 INFO     test_ai_mod.carbon_classifiers.label_classifier_pipe -- Begin labeling elements
2021-05-01 20:47:27,035 INFO     test_ai_mod.carbon_classifiers.template_matching.app_specific_template_matcher -- Classifying screen with AppSpecificTemplateMatcher
2021-05-01 20:47:27,036 INFO     test_ai_mod.carbon_classifiers.perceptual.nn_classifier -- Classifying screen with NNClassifier
2021-05-01 20:47:27,062 INFO     test_ai_mod.carbon_classifiers.label_classifier_pipe -- End labeling elements: Time taken 0.0456249713898 seconds
2021-05-01 20:47:27,063 INFO     test_ai_mod.carbon_classifiers.label_classifier_pipe -- Begin labeling elements
2021-05-01 20:47:27,083 INFO     test_ai_mod.carbon_classifiers.template_matching.app_specific_template_matcher -- Classifying screen with AppSpecificTemplateMatcher
2021-05-01 20:47:27,083 INFO     test_ai_mod.carbon_classifiers.perceptual.nn_classifier -- Classifying screen with NNClassifier
2021-05-01 20:47:27,123 INFO     test_ai_mod.carbon_classifiers.label_classifier_pipe -- End labeling elements: Time taken 0.0593919754028 seconds
2021-05-01 20:47:27,124 INFO     test_ai_mod.carbon_tasks.generate_auto_labels_task -- classifying 78 unique elems
2021-05-01 20:47:27,130 INFO     test_ai_mod.carbon_utils.carbon_data -- loading models from LKG dir
2021-05-01 20:47:27,130 INFO     test_ai_mod.carbon_utils.carbon_data -- loading models from LKG dir
2021-05-01 20:47:27,130 INFO     test_ai_mod.carbon_classifiers.label_classifier_pipe -- Begin labeling elements
2021-05-01 20:47:27,152 INFO     test_ai_mod.carbon_classifiers.template_matching.app_specific_template_matcher -- Classifying screen with AppSpecificTemplateMatcher
2021-05-01 20:47:27,153 INFO     test_ai_mod.carbon_classifiers.perceptual.nn_classifier -- Classifying screen with NNClassifier
2021-05-01 20:47:27,741 INFO     test_ai_mod.carbon_classifiers.perceptual.nn_classifier -- elem classified: btn_sign_in, score: 1.0
2021-05-01 20:47:27,764 INFO     test_ai_mod.carbon_classifiers.label_classifier_pipe -- End labeling elements: Time taken 0.634212970734 seconds
2021-05-01 20:47:27,766 INFO     test_ai_mod.carbon_tasks.generate_auto_labels_task -- writing merged, suggested labels to file: /Users/bot/test_ai/apps/8e3f7530-76ee-45b7-9ff2-cf4a8c01c1c1/builds/7b802321-75bf-4bfe-8464-13cd344a222c/crawls/20210501204258/labels/suggested_labels.json
2021-05-01 20:47:27,770 INFO     test_ai_mod.carbon_controllers.crawls -- Removing threaded log file handler for crawl.
